<?xml version="1.0" encoding="UTF-8"?>
<!-- Generated by org.testng.reporters.JUnitReportReporter -->
<testsuite hostname="KI54" failures="0" tests="2479" name="pagesTestCasesYasasiiWeb.EmployeeCreation" time="1220.235" errors="96" timestamp="2022-11-22T14:45:39 IST" skipped="2383">
  <testcase classname="pagesTestCasesYasasiiWeb.EmployeeCreation" name="inclinic" time="0.140">
    <skipped/>
  </testcase> <!-- inclinic -->
  <system-out/>
  <testcase classname="pagesTestCasesYasasiiWeb.EmployeeCreation" name="inclinic" time="0.133">
    <skipped/>
  </testcase> <!-- inclinic -->
  <system-out/>
  <testcase classname="pagesTestCasesYasasiiWeb.EmployeeCreation" name="inclinic" time="0.294">
    <skipped/>
  </testcase> <!-- inclinic -->
  <system-out/>
  <testcase classname="pagesTestCasesYasasiiWeb.EmployeeCreation" name="inclinic" time="0.325">
    <skipped/>
  </testcase> <!-- inclinic -->
  <system-out/>
  <testcase classname="pagesTestCasesYasasiiWeb.EmployeeCreation" name="inclinic" time="0.344">
    <skipped/>
  </testcase> <!-- inclinic -->
  <system-out/>
  <testcase classname="pagesTestCasesYasasiiWeb.EmployeeCreation" name="inclinic" time="0.297">
    <skipped/>
  </testcase> <!-- inclinic -->
  <system-out/>
  <testcase classname="pagesTestCasesYasasiiWeb.EmployeeCreation" name="inclinic" time="0.121">
    <skipped/>
  </testcase> <!-- inclinic -->
  <system-out/>
  <testcase classname="pagesTestCasesYasasiiWeb.EmployeeCreation" name="inclinic" time="0.285">
    <skipped/>
  </testcase> <!-- inclinic -->
  <system-out/>
  <testcase classname="pagesTestCasesYasasiiWeb.EmployeeCreation" name="inclinic" time="0.313">
    <skipped/>
  </testcase> <!-- inclinic -->
  <system-out/>
  <testcase classname="pagesTestCasesYasasiiWeb.EmployeeCreation" name="inclinic" time="0.305">
    <skipped/>
  </testcase> <!-- inclinic -->
  <system-out/>
  <testcase classname="pagesTestCasesYasasiiWeb.EmployeeCreation" name="inclinic" time="0.298">
    <skipped/>
  </testcase> <!-- inclinic -->
  <system-out/>
  <testcase classname="pagesTestCasesYasasiiWeb.EmployeeCreation" name="inclinic" time="0.282">
    <skipped/>
  </testcase> <!-- inclinic -->
  <system-out/>
  <testcase classname="pagesTestCasesYasasiiWeb.EmployeeCreation" name="inclinic" time="12.353">
    <error message="no such element: Unable to locate element: {&quot;method&quot;:&quot;xpath&quot;,&quot;selector&quot;:&quot;//a[@class=&#039;nav-link navbar-brand menu&#039;]//div[@class=&#039;bar2&#039;]&quot;}
  (Session info: chrome=107.0.5304.107)
For documentation on this error, please visit: https://www.seleniumhq.org/exceptions/no_such_element.html
Build info: version: &#039;4.0.0-alpha-3&#039;, revision: &#039;8c567de6dc&#039;
System info: host: &#039;KI54&#039;, ip: &#039;192.168.0.54&#039;, os.name: &#039;Windows 10&#039;, os.arch: &#039;amd64&#039;, os.version: &#039;10.0&#039;, java.version: &#039;18.0.1&#039;
Driver info: org.openqa.selenium.chrome.ChromeDriver
Capabilities {acceptInsecureCerts: false, browserName: chrome, browserVersion: 107.0.5304.107, chrome: {chromedriverVersion: 107.0.5304.62 (1eec40d3a576..., userDataDir: C:\Users\sriram\AppData\Loc...}, goog:chromeOptions: {debuggerAddress: localhost:51380}, javascriptEnabled: true, networkConnectionEnabled: false, pageLoadStrategy: normal, platform: WINDOWS, platformName: WINDOWS, proxy: Proxy(), setWindowRect: true, strictFileInteractability: false, timeouts: {implicit: 0, pageLoad: 300000, script: 30000}, unhandledPromptBehavior: dismiss and notify, webauthn:extension:credBlob: true, webauthn:extension:largeBlob: true, webauthn:virtualAuthenticators: true}
Session ID: 8e382696e2b328f28d96be7c7f02a2cd
*** Element info: {Using=xpath, value=//a[@class=&#039;nav-link navbar-brand menu&#039;]//div[@class=&#039;bar2&#039;]}" type="org.openqa.selenium.NoSuchElementException">
      <![CDATA[org.openqa.selenium.NoSuchElementException: no such element: Unable to locate element: {"method":"xpath","selector":"//a[@class='nav-link navbar-brand menu']//div[@class='bar2']"}
  (Session info: chrome=107.0.5304.107)
For documentation on this error, please visit: https://www.seleniumhq.org/exceptions/no_such_element.html
Build info: version: '4.0.0-alpha-3', revision: '8c567de6dc'
System info: host: 'KI54', ip: '192.168.0.54', os.name: 'Windows 10', os.arch: 'amd64', os.version: '10.0', java.version: '18.0.1'
Driver info: org.openqa.selenium.chrome.ChromeDriver
Capabilities {acceptInsecureCerts: false, browserName: chrome, browserVersion: 107.0.5304.107, chrome: {chromedriverVersion: 107.0.5304.62 (1eec40d3a576..., userDataDir: C:\Users\sriram\AppData\Loc...}, goog:chromeOptions: {debuggerAddress: localhost:51380}, javascriptEnabled: true, networkConnectionEnabled: false, pageLoadStrategy: normal, platform: WINDOWS, platformName: WINDOWS, proxy: Proxy(), setWindowRect: true, strictFileInteractability: false, timeouts: {implicit: 0, pageLoad: 300000, script: 30000}, unhandledPromptBehavior: dismiss and notify, webauthn:extension:credBlob: true, webauthn:extension:largeBlob: true, webauthn:virtualAuthenticators: true}
Session ID: 8e382696e2b328f28d96be7c7f02a2cd
*** Element info: {Using=xpath, value=//a[@class='nav-link navbar-brand menu']//div[@class='bar2']}
at java.base/jdk.internal.reflect.DirectConstructorHandleAccessor.newInstance(DirectConstructorHandleAccessor.java:67)
at java.base/java.lang.reflect.Constructor.newInstanceWithCaller(Constructor.java:499)
at java.base/java.lang.reflect.Constructor.newInstance(Constructor.java:483)
at org.openqa.selenium.remote.codec.w3c.W3CHttpResponseCodec.createException(W3CHttpResponseCodec.java:191)
at org.openqa.selenium.remote.codec.w3c.W3CHttpResponseCodec.decode(W3CHttpResponseCodec.java:125)
at org.openqa.selenium.remote.codec.w3c.W3CHttpResponseCodec.decode(W3CHttpResponseCodec.java:52)
at org.openqa.selenium.remote.HttpCommandExecutor.execute(HttpCommandExecutor.java:161)
at org.openqa.selenium.remote.service.DriverCommandExecutor.execute(DriverCommandExecutor.java:83)
at org.openqa.selenium.remote.RemoteWebDriver.execute(RemoteWebDriver.java:576)
at org.openqa.selenium.remote.RemoteWebDriver.findElement(RemoteWebDriver.java:327)
at org.openqa.selenium.remote.RemoteWebDriver.findElementByXPath(RemoteWebDriver.java:445)
at org.openqa.selenium.By$ByXPath.findElement(By.java:396)
at org.openqa.selenium.remote.RemoteWebDriver.findElement(RemoteWebDriver.java:319)
at org.openqa.selenium.support.pagefactory.DefaultElementLocator.findElement(DefaultElementLocator.java:70)
at org.openqa.selenium.support.pagefactory.internal.LocatingElementHandler.invoke(LocatingElementHandler.java:39)
at jdk.proxy2/jdk.proxy2.$Proxy35.click(Unknown Source)
at pagesOfYasasiiWeb.employeeCreation.empcreation(employeeCreation.java:84)
at pagesTestCasesYasasiiWeb.EmployeeCreation.inclinic(EmployeeCreation.java:38)
at java.base/jdk.internal.reflect.DirectMethodHandleAccessor.invoke(DirectMethodHandleAccessor.java:104)
at java.base/java.lang.reflect.Method.invoke(Method.java:577)
at org.testng.internal.MethodInvocationHelper.invokeMethod(MethodInvocationHelper.java:132)
at org.testng.internal.TestInvoker.invokeMethod(TestInvoker.java:599)
at org.testng.internal.TestInvoker.invokeTestMethod(TestInvoker.java:174)
at org.testng.internal.MethodRunner.runInSequence(MethodRunner.java:46)
at org.testng.internal.TestInvoker$MethodInvocationAgent.invoke(TestInvoker.java:822)
at org.testng.internal.TestInvoker.invokeTestMethods(TestInvoker.java:147)
at org.testng.internal.TestMethodWorker.invokeTestMethods(TestMethodWorker.java:146)
at org.testng.internal.TestMethodWorker.run(TestMethodWorker.java:128)
at java.base/java.util.ArrayList.forEach(ArrayList.java:1511)
at org.testng.TestRunner.privateRun(TestRunner.java:764)
at org.testng.TestRunner.run(TestRunner.java:585)
at org.testng.SuiteRunner.runTest(SuiteRunner.java:384)
at org.testng.SuiteRunner.runSequentially(SuiteRunner.java:378)
at org.testng.SuiteRunner.privateRun(SuiteRunner.java:337)
at org.testng.SuiteRunner.run(SuiteRunner.java:286)
at org.testng.SuiteRunnerWorker.runSuite(SuiteRunnerWorker.java:53)
at org.testng.SuiteRunnerWorker.run(SuiteRunnerWorker.java:96)
at org.testng.TestNG.runSuitesSequentially(TestNG.java:1218)
at org.testng.TestNG.runSuitesLocally(TestNG.java:1140)
at org.testng.TestNG.runSuites(TestNG.java:1069)
at org.testng.TestNG.run(TestNG.java:1037)
at org.testng.remote.AbstractRemoteTestNG.run(AbstractRemoteTestNG.java:115)
at org.testng.remote.RemoteTestNG.initAndRun(RemoteTestNG.java:251)
at org.testng.remote.RemoteTestNG.main(RemoteTestNG.java:77)
]]>
    </error>
  </testcase> <!-- inclinic -->
  <system-out/>
  <testcase classname="pagesTestCasesYasasiiWeb.EmployeeCreation" name="inclinic" time="0.300">
    <skipped/>
  </testcase> <!-- inclinic -->
  <system-out/>
  <testcase classname="pagesTestCasesYasasiiWeb.EmployeeCreation" name="inclinic" time="12.165">
    <error message="no such element: Unable to locate element: {&quot;method&quot;:&quot;xpath&quot;,&quot;selector&quot;:&quot;//a[@class=&#039;nav-link navbar-brand menu&#039;]//div[@class=&#039;bar2&#039;]&quot;}
  (Session info: chrome=107.0.5304.107)
For documentation on this error, please visit: https://www.seleniumhq.org/exceptions/no_such_element.html
Build info: version: &#039;4.0.0-alpha-3&#039;, revision: &#039;8c567de6dc&#039;
System info: host: &#039;KI54&#039;, ip: &#039;192.168.0.54&#039;, os.name: &#039;Windows 10&#039;, os.arch: &#039;amd64&#039;, os.version: &#039;10.0&#039;, java.version: &#039;18.0.1&#039;
Driver info: org.openqa.selenium.chrome.ChromeDriver
Capabilities {acceptInsecureCerts: false, browserName: chrome, browserVersion: 107.0.5304.107, chrome: {chromedriverVersion: 107.0.5304.62 (1eec40d3a576..., userDataDir: C:\Users\sriram\AppData\Loc...}, goog:chromeOptions: {debuggerAddress: localhost:51380}, javascriptEnabled: true, networkConnectionEnabled: false, pageLoadStrategy: normal, platform: WINDOWS, platformName: WINDOWS, proxy: Proxy(), setWindowRect: true, strictFileInteractability: false, timeouts: {implicit: 0, pageLoad: 300000, script: 30000}, unhandledPromptBehavior: dismiss and notify, webauthn:extension:credBlob: true, webauthn:extension:largeBlob: true, webauthn:virtualAuthenticators: true}
Session ID: 8e382696e2b328f28d96be7c7f02a2cd
*** Element info: {Using=xpath, value=//a[@class=&#039;nav-link navbar-brand menu&#039;]//div[@class=&#039;bar2&#039;]}" type="org.openqa.selenium.NoSuchElementException">
      <![CDATA[org.openqa.selenium.NoSuchElementException: no such element: Unable to locate element: {"method":"xpath","selector":"//a[@class='nav-link navbar-brand menu']//div[@class='bar2']"}
  (Session info: chrome=107.0.5304.107)
For documentation on this error, please visit: https://www.seleniumhq.org/exceptions/no_such_element.html
Build info: version: '4.0.0-alpha-3', revision: '8c567de6dc'
System info: host: 'KI54', ip: '192.168.0.54', os.name: 'Windows 10', os.arch: 'amd64', os.version: '10.0', java.version: '18.0.1'
Driver info: org.openqa.selenium.chrome.ChromeDriver
Capabilities {acceptInsecureCerts: false, browserName: chrome, browserVersion: 107.0.5304.107, chrome: {chromedriverVersion: 107.0.5304.62 (1eec40d3a576..., userDataDir: C:\Users\sriram\AppData\Loc...}, goog:chromeOptions: {debuggerAddress: localhost:51380}, javascriptEnabled: true, networkConnectionEnabled: false, pageLoadStrategy: normal, platform: WINDOWS, platformName: WINDOWS, proxy: Proxy(), setWindowRect: true, strictFileInteractability: false, timeouts: {implicit: 0, pageLoad: 300000, script: 30000}, unhandledPromptBehavior: dismiss and notify, webauthn:extension:credBlob: true, webauthn:extension:largeBlob: true, webauthn:virtualAuthenticators: true}
Session ID: 8e382696e2b328f28d96be7c7f02a2cd
*** Element info: {Using=xpath, value=//a[@class='nav-link navbar-brand menu']//div[@class='bar2']}
at java.base/jdk.internal.reflect.DirectConstructorHandleAccessor.newInstance(DirectConstructorHandleAccessor.java:67)
at java.base/java.lang.reflect.Constructor.newInstanceWithCaller(Constructor.java:499)
at java.base/java.lang.reflect.Constructor.newInstance(Constructor.java:483)
at org.openqa.selenium.remote.codec.w3c.W3CHttpResponseCodec.createException(W3CHttpResponseCodec.java:191)
at org.openqa.selenium.remote.codec.w3c.W3CHttpResponseCodec.decode(W3CHttpResponseCodec.java:125)
at org.openqa.selenium.remote.codec.w3c.W3CHttpResponseCodec.decode(W3CHttpResponseCodec.java:52)
at org.openqa.selenium.remote.HttpCommandExecutor.execute(HttpCommandExecutor.java:161)
at org.openqa.selenium.remote.service.DriverCommandExecutor.execute(DriverCommandExecutor.java:83)
at org.openqa.selenium.remote.RemoteWebDriver.execute(RemoteWebDriver.java:576)
at org.openqa.selenium.remote.RemoteWebDriver.findElement(RemoteWebDriver.java:327)
at org.openqa.selenium.remote.RemoteWebDriver.findElementByXPath(RemoteWebDriver.java:445)
at org.openqa.selenium.By$ByXPath.findElement(By.java:396)
at org.openqa.selenium.remote.RemoteWebDriver.findElement(RemoteWebDriver.java:319)
at org.openqa.selenium.support.pagefactory.DefaultElementLocator.findElement(DefaultElementLocator.java:70)
at org.openqa.selenium.support.pagefactory.internal.LocatingElementHandler.invoke(LocatingElementHandler.java:39)
at jdk.proxy2/jdk.proxy2.$Proxy35.click(Unknown Source)
at pagesOfYasasiiWeb.employeeCreation.empcreation(employeeCreation.java:84)
at pagesTestCasesYasasiiWeb.EmployeeCreation.inclinic(EmployeeCreation.java:38)
at java.base/jdk.internal.reflect.DirectMethodHandleAccessor.invoke(DirectMethodHandleAccessor.java:104)
at java.base/java.lang.reflect.Method.invoke(Method.java:577)
at org.testng.internal.MethodInvocationHelper.invokeMethod(MethodInvocationHelper.java:132)
at org.testng.internal.TestInvoker.invokeMethod(TestInvoker.java:599)
at org.testng.internal.TestInvoker.invokeTestMethod(TestInvoker.java:174)
at org.testng.internal.MethodRunner.runInSequence(MethodRunner.java:46)
at org.testng.internal.TestInvoker$MethodInvocationAgent.invoke(TestInvoker.java:822)
at org.testng.internal.TestInvoker.invokeTestMethods(TestInvoker.java:147)
at org.testng.internal.TestMethodWorker.invokeTestMethods(TestMethodWorker.java:146)
at org.testng.internal.TestMethodWorker.run(TestMethodWorker.java:128)
at java.base/java.util.ArrayList.forEach(ArrayList.java:1511)
at org.testng.TestRunner.privateRun(TestRunner.java:764)
at org.testng.TestRunner.run(TestRunner.java:585)
at org.testng.SuiteRunner.runTest(SuiteRunner.java:384)
at org.testng.SuiteRunner.runSequentially(SuiteRunner.java:378)
at org.testng.SuiteRunner.privateRun(SuiteRunner.java:337)
at org.testng.SuiteRunner.run(SuiteRunner.java:286)
at org.testng.SuiteRunnerWorker.runSuite(SuiteRunnerWorker.java:53)
at org.testng.SuiteRunnerWorker.run(SuiteRunnerWorker.java:96)
at org.testng.TestNG.runSuitesSequentially(TestNG.java:1218)
at org.testng.TestNG.runSuitesLocally(TestNG.java:1140)
at org.testng.TestNG.runSuites(TestNG.java:1069)
at org.testng.TestNG.run(TestNG.java:1037)
at org.testng.remote.AbstractRemoteTestNG.run(AbstractRemoteTestNG.java:115)
at org.testng.remote.RemoteTestNG.initAndRun(RemoteTestNG.java:251)
at org.testng.remote.RemoteTestNG.main(RemoteTestNG.java:77)
]]>
    </error>
  </testcase> <!-- inclinic -->
  <system-out/>
  <testcase classname="pagesTestCasesYasasiiWeb.EmployeeCreation" name="inclinic" time="0.136">
    <skipped/>
  </testcase> <!-- inclinic -->
  <system-out/>
  <testcase classname="pagesTestCasesYasasiiWeb.EmployeeCreation" name="inclinic" time="0.302">
    <skipped/>
  </testcase> <!-- inclinic -->
  <system-out/>
  <testcase classname="pagesTestCasesYasasiiWeb.EmployeeCreation" name="inclinic" time="12.349">
    <error message="no such element: Unable to locate element: {&quot;method&quot;:&quot;xpath&quot;,&quot;selector&quot;:&quot;//a[@class=&#039;nav-link navbar-brand menu&#039;]//div[@class=&#039;bar2&#039;]&quot;}
  (Session info: chrome=107.0.5304.107)
For documentation on this error, please visit: https://www.seleniumhq.org/exceptions/no_such_element.html
Build info: version: &#039;4.0.0-alpha-3&#039;, revision: &#039;8c567de6dc&#039;
System info: host: &#039;KI54&#039;, ip: &#039;192.168.0.54&#039;, os.name: &#039;Windows 10&#039;, os.arch: &#039;amd64&#039;, os.version: &#039;10.0&#039;, java.version: &#039;18.0.1&#039;
Driver info: org.openqa.selenium.chrome.ChromeDriver
Capabilities {acceptInsecureCerts: false, browserName: chrome, browserVersion: 107.0.5304.107, chrome: {chromedriverVersion: 107.0.5304.62 (1eec40d3a576..., userDataDir: C:\Users\sriram\AppData\Loc...}, goog:chromeOptions: {debuggerAddress: localhost:51380}, javascriptEnabled: true, networkConnectionEnabled: false, pageLoadStrategy: normal, platform: WINDOWS, platformName: WINDOWS, proxy: Proxy(), setWindowRect: true, strictFileInteractability: false, timeouts: {implicit: 0, pageLoad: 300000, script: 30000}, unhandledPromptBehavior: dismiss and notify, webauthn:extension:credBlob: true, webauthn:extension:largeBlob: true, webauthn:virtualAuthenticators: true}
Session ID: 8e382696e2b328f28d96be7c7f02a2cd
*** Element info: {Using=xpath, value=//a[@class=&#039;nav-link navbar-brand menu&#039;]//div[@class=&#039;bar2&#039;]}" type="org.openqa.selenium.NoSuchElementException">
      <![CDATA[org.openqa.selenium.NoSuchElementException: no such element: Unable to locate element: {"method":"xpath","selector":"//a[@class='nav-link navbar-brand menu']//div[@class='bar2']"}
  (Session info: chrome=107.0.5304.107)
For documentation on this error, please visit: https://www.seleniumhq.org/exceptions/no_such_element.html
Build info: version: '4.0.0-alpha-3', revision: '8c567de6dc'
System info: host: 'KI54', ip: '192.168.0.54', os.name: 'Windows 10', os.arch: 'amd64', os.version: '10.0', java.version: '18.0.1'
Driver info: org.openqa.selenium.chrome.ChromeDriver
Capabilities {acceptInsecureCerts: false, browserName: chrome, browserVersion: 107.0.5304.107, chrome: {chromedriverVersion: 107.0.5304.62 (1eec40d3a576..., userDataDir: C:\Users\sriram\AppData\Loc...}, goog:chromeOptions: {debuggerAddress: localhost:51380}, javascriptEnabled: true, networkConnectionEnabled: false, pageLoadStrategy: normal, platform: WINDOWS, platformName: WINDOWS, proxy: Proxy(), setWindowRect: true, strictFileInteractability: false, timeouts: {implicit: 0, pageLoad: 300000, script: 30000}, unhandledPromptBehavior: dismiss and notify, webauthn:extension:credBlob: true, webauthn:extension:largeBlob: true, webauthn:virtualAuthenticators: true}
Session ID: 8e382696e2b328f28d96be7c7f02a2cd
*** Element info: {Using=xpath, value=//a[@class='nav-link navbar-brand menu']//div[@class='bar2']}
at java.base/jdk.internal.reflect.DirectConstructorHandleAccessor.newInstance(DirectConstructorHandleAccessor.java:67)
at java.base/java.lang.reflect.Constructor.newInstanceWithCaller(Constructor.java:499)
at java.base/java.lang.reflect.Constructor.newInstance(Constructor.java:483)
at org.openqa.selenium.remote.codec.w3c.W3CHttpResponseCodec.createException(W3CHttpResponseCodec.java:191)
at org.openqa.selenium.remote.codec.w3c.W3CHttpResponseCodec.decode(W3CHttpResponseCodec.java:125)
at org.openqa.selenium.remote.codec.w3c.W3CHttpResponseCodec.decode(W3CHttpResponseCodec.java:52)
at org.openqa.selenium.remote.HttpCommandExecutor.execute(HttpCommandExecutor.java:161)
at org.openqa.selenium.remote.service.DriverCommandExecutor.execute(DriverCommandExecutor.java:83)
at org.openqa.selenium.remote.RemoteWebDriver.execute(RemoteWebDriver.java:576)
at org.openqa.selenium.remote.RemoteWebDriver.findElement(RemoteWebDriver.java:327)
at org.openqa.selenium.remote.RemoteWebDriver.findElementByXPath(RemoteWebDriver.java:445)
at org.openqa.selenium.By$ByXPath.findElement(By.java:396)
at org.openqa.selenium.remote.RemoteWebDriver.findElement(RemoteWebDriver.java:319)
at org.openqa.selenium.support.pagefactory.DefaultElementLocator.findElement(DefaultElementLocator.java:70)
at org.openqa.selenium.support.pagefactory.internal.LocatingElementHandler.invoke(LocatingElementHandler.java:39)
at jdk.proxy2/jdk.proxy2.$Proxy35.click(Unknown Source)
at pagesOfYasasiiWeb.employeeCreation.empcreation(employeeCreation.java:84)
at pagesTestCasesYasasiiWeb.EmployeeCreation.inclinic(EmployeeCreation.java:38)
at java.base/jdk.internal.reflect.DirectMethodHandleAccessor.invoke(DirectMethodHandleAccessor.java:104)
at java.base/java.lang.reflect.Method.invoke(Method.java:577)
at org.testng.internal.MethodInvocationHelper.invokeMethod(MethodInvocationHelper.java:132)
at org.testng.internal.TestInvoker.invokeMethod(TestInvoker.java:599)
at org.testng.internal.TestInvoker.invokeTestMethod(TestInvoker.java:174)
at org.testng.internal.MethodRunner.runInSequence(MethodRunner.java:46)
at org.testng.internal.TestInvoker$MethodInvocationAgent.invoke(TestInvoker.java:822)
at org.testng.internal.TestInvoker.invokeTestMethods(TestInvoker.java:147)
at org.testng.internal.TestMethodWorker.invokeTestMethods(TestMethodWorker.java:146)
at org.testng.internal.TestMethodWorker.run(TestMethodWorker.java:128)
at java.base/java.util.ArrayList.forEach(ArrayList.java:1511)
at org.testng.TestRunner.privateRun(TestRunner.java:764)
at org.testng.TestRunner.run(TestRunner.java:585)
at org.testng.SuiteRunner.runTest(SuiteRunner.java:384)
at org.testng.SuiteRunner.runSequentially(SuiteRunner.java:378)
at org.testng.SuiteRunner.privateRun(SuiteRunner.java:337)
at org.testng.SuiteRunner.run(SuiteRunner.java:286)
at org.testng.SuiteRunnerWorker.runSuite(SuiteRunnerWorker.java:53)
at org.testng.SuiteRunnerWorker.run(SuiteRunnerWorker.java:96)
at org.testng.TestNG.runSuitesSequentially(TestNG.java:1218)
at org.testng.TestNG.runSuitesLocally(TestNG.java:1140)
at org.testng.TestNG.runSuites(TestNG.java:1069)
at org.testng.TestNG.run(TestNG.java:1037)
at org.testng.remote.AbstractRemoteTestNG.run(AbstractRemoteTestNG.java:115)
at org.testng.remote.RemoteTestNG.initAndRun(RemoteTestNG.java:251)
at org.testng.remote.RemoteTestNG.main(RemoteTestNG.java:77)
]]>
    </error>
  </testcase> <!-- inclinic -->
  <system-out/>
  <testcase classname="pagesTestCasesYasasiiWeb.EmployeeCreation" name="inclinic" time="0.332">
    <skipped/>
  </testcase> <!-- inclinic -->
  <system-out/>
  <testcase classname="pagesTestCasesYasasiiWeb.EmployeeCreation" name="inclinic" time="0.149">
    <skipped/>
  </testcase> <!-- inclinic -->
  <system-out/>
  <testcase classname="pagesTestCasesYasasiiWeb.EmployeeCreation" name="inclinic" time="0.293">
    <skipped/>
  </testcase> <!-- inclinic -->
  <system-out/>
  <testcase classname="pagesTestCasesYasasiiWeb.EmployeeCreation" name="inclinic" time="0.304">
    <skipped/>
  </testcase> <!-- inclinic -->
  <system-out/>
  <testcase classname="pagesTestCasesYasasiiWeb.EmployeeCreation" name="inclinic" time="0.317">
    <skipped/>
  </testcase> <!-- inclinic -->
  <system-out/>
  <testcase classname="pagesTestCasesYasasiiWeb.EmployeeCreation" name="inclinic" time="0.319">
    <skipped/>
  </testcase> <!-- inclinic -->
  <system-out/>
  <testcase classname="pagesTestCasesYasasiiWeb.EmployeeCreation" name="inclinic" time="0.299">
    <skipped/>
  </testcase> <!-- inclinic -->
  <system-out/>
  <testcase classname="pagesTestCasesYasasiiWeb.EmployeeCreation" name="inclinic" time="0.310">
    <skipped/>
  </testcase> <!-- inclinic -->
  <system-out/>
  <testcase classname="pagesTestCasesYasasiiWeb.EmployeeCreation" name="inclinic" time="0.295">
    <skipped/>
  </testcase> <!-- inclinic -->
  <system-out/>
  <testcase classname="pagesTestCasesYasasiiWeb.EmployeeCreation" name="inclinic" time="0.317">
    <skipped/>
  </testcase> <!-- inclinic -->
  <system-out/>
  <testcase classname="pagesTestCasesYasasiiWeb.EmployeeCreation" name="inclinic" time="0.350">
    <skipped/>
  </testcase> <!-- inclinic -->
  <system-out/>
  <testcase classname="pagesTestCasesYasasiiWeb.EmployeeCreation" name="inclinic" time="12.207">
    <error message="no such element: Unable to locate element: {&quot;method&quot;:&quot;xpath&quot;,&quot;selector&quot;:&quot;//a[@class=&#039;nav-link navbar-brand menu&#039;]//div[@class=&#039;bar2&#039;]&quot;}
  (Session info: chrome=107.0.5304.107)
For documentation on this error, please visit: https://www.seleniumhq.org/exceptions/no_such_element.html
Build info: version: &#039;4.0.0-alpha-3&#039;, revision: &#039;8c567de6dc&#039;
System info: host: &#039;KI54&#039;, ip: &#039;192.168.0.54&#039;, os.name: &#039;Windows 10&#039;, os.arch: &#039;amd64&#039;, os.version: &#039;10.0&#039;, java.version: &#039;18.0.1&#039;
Driver info: org.openqa.selenium.chrome.ChromeDriver
Capabilities {acceptInsecureCerts: false, browserName: chrome, browserVersion: 107.0.5304.107, chrome: {chromedriverVersion: 107.0.5304.62 (1eec40d3a576..., userDataDir: C:\Users\sriram\AppData\Loc...}, goog:chromeOptions: {debuggerAddress: localhost:51380}, javascriptEnabled: true, networkConnectionEnabled: false, pageLoadStrategy: normal, platform: WINDOWS, platformName: WINDOWS, proxy: Proxy(), setWindowRect: true, strictFileInteractability: false, timeouts: {implicit: 0, pageLoad: 300000, script: 30000}, unhandledPromptBehavior: dismiss and notify, webauthn:extension:credBlob: true, webauthn:extension:largeBlob: true, webauthn:virtualAuthenticators: true}
Session ID: 8e382696e2b328f28d96be7c7f02a2cd
*** Element info: {Using=xpath, value=//a[@class=&#039;nav-link navbar-brand menu&#039;]//div[@class=&#039;bar2&#039;]}" type="org.openqa.selenium.NoSuchElementException">
      <![CDATA[org.openqa.selenium.NoSuchElementException: no such element: Unable to locate element: {"method":"xpath","selector":"//a[@class='nav-link navbar-brand menu']//div[@class='bar2']"}
  (Session info: chrome=107.0.5304.107)
For documentation on this error, please visit: https://www.seleniumhq.org/exceptions/no_such_element.html
Build info: version: '4.0.0-alpha-3', revision: '8c567de6dc'
System info: host: 'KI54', ip: '192.168.0.54', os.name: 'Windows 10', os.arch: 'amd64', os.version: '10.0', java.version: '18.0.1'
Driver info: org.openqa.selenium.chrome.ChromeDriver
Capabilities {acceptInsecureCerts: false, browserName: chrome, browserVersion: 107.0.5304.107, chrome: {chromedriverVersion: 107.0.5304.62 (1eec40d3a576..., userDataDir: C:\Users\sriram\AppData\Loc...}, goog:chromeOptions: {debuggerAddress: localhost:51380}, javascriptEnabled: true, networkConnectionEnabled: false, pageLoadStrategy: normal, platform: WINDOWS, platformName: WINDOWS, proxy: Proxy(), setWindowRect: true, strictFileInteractability: false, timeouts: {implicit: 0, pageLoad: 300000, script: 30000}, unhandledPromptBehavior: dismiss and notify, webauthn:extension:credBlob: true, webauthn:extension:largeBlob: true, webauthn:virtualAuthenticators: true}
Session ID: 8e382696e2b328f28d96be7c7f02a2cd
*** Element info: {Using=xpath, value=//a[@class='nav-link navbar-brand menu']//div[@class='bar2']}
at java.base/jdk.internal.reflect.DirectConstructorHandleAccessor.newInstance(DirectConstructorHandleAccessor.java:67)
at java.base/java.lang.reflect.Constructor.newInstanceWithCaller(Constructor.java:499)
at java.base/java.lang.reflect.Constructor.newInstance(Constructor.java:483)
at org.openqa.selenium.remote.codec.w3c.W3CHttpResponseCodec.createException(W3CHttpResponseCodec.java:191)
at org.openqa.selenium.remote.codec.w3c.W3CHttpResponseCodec.decode(W3CHttpResponseCodec.java:125)
at org.openqa.selenium.remote.codec.w3c.W3CHttpResponseCodec.decode(W3CHttpResponseCodec.java:52)
at org.openqa.selenium.remote.HttpCommandExecutor.execute(HttpCommandExecutor.java:161)
at org.openqa.selenium.remote.service.DriverCommandExecutor.execute(DriverCommandExecutor.java:83)
at org.openqa.selenium.remote.RemoteWebDriver.execute(RemoteWebDriver.java:576)
at org.openqa.selenium.remote.RemoteWebDriver.findElement(RemoteWebDriver.java:327)
at org.openqa.selenium.remote.RemoteWebDriver.findElementByXPath(RemoteWebDriver.java:445)
at org.openqa.selenium.By$ByXPath.findElement(By.java:396)
at org.openqa.selenium.remote.RemoteWebDriver.findElement(RemoteWebDriver.java:319)
at org.openqa.selenium.support.pagefactory.DefaultElementLocator.findElement(DefaultElementLocator.java:70)
at org.openqa.selenium.support.pagefactory.internal.LocatingElementHandler.invoke(LocatingElementHandler.java:39)
at jdk.proxy2/jdk.proxy2.$Proxy35.click(Unknown Source)
at pagesOfYasasiiWeb.employeeCreation.empcreation(employeeCreation.java:84)
at pagesTestCasesYasasiiWeb.EmployeeCreation.inclinic(EmployeeCreation.java:38)
at java.base/jdk.internal.reflect.DirectMethodHandleAccessor.invoke(DirectMethodHandleAccessor.java:104)
at java.base/java.lang.reflect.Method.invoke(Method.java:577)
at org.testng.internal.MethodInvocationHelper.invokeMethod(MethodInvocationHelper.java:132)
at org.testng.internal.TestInvoker.invokeMethod(TestInvoker.java:599)
at org.testng.internal.TestInvoker.invokeTestMethod(TestInvoker.java:174)
at org.testng.internal.MethodRunner.runInSequence(MethodRunner.java:46)
at org.testng.internal.TestInvoker$MethodInvocationAgent.invoke(TestInvoker.java:822)
at org.testng.internal.TestInvoker.invokeTestMethods(TestInvoker.java:147)
at org.testng.internal.TestMethodWorker.invokeTestMethods(TestMethodWorker.java:146)
at org.testng.internal.TestMethodWorker.run(TestMethodWorker.java:128)
at java.base/java.util.ArrayList.forEach(ArrayList.java:1511)
at org.testng.TestRunner.privateRun(TestRunner.java:764)
at org.testng.TestRunner.run(TestRunner.java:585)
at org.testng.SuiteRunner.runTest(SuiteRunner.java:384)
at org.testng.SuiteRunner.runSequentially(SuiteRunner.java:378)
at org.testng.SuiteRunner.privateRun(SuiteRunner.java:337)
at org.testng.SuiteRunner.run(SuiteRunner.java:286)
at org.testng.SuiteRunnerWorker.runSuite(SuiteRunnerWorker.java:53)
at org.testng.SuiteRunnerWorker.run(SuiteRunnerWorker.java:96)
at org.testng.TestNG.runSuitesSequentially(TestNG.java:1218)
at org.testng.TestNG.runSuitesLocally(TestNG.java:1140)
at org.testng.TestNG.runSuites(TestNG.java:1069)
at org.testng.TestNG.run(TestNG.java:1037)
at org.testng.remote.AbstractRemoteTestNG.run(AbstractRemoteTestNG.java:115)
at org.testng.remote.RemoteTestNG.initAndRun(RemoteTestNG.java:251)
at org.testng.remote.RemoteTestNG.main(RemoteTestNG.java:77)
]]>
    </error>
  </testcase> <!-- inclinic -->
  <system-out/>
  <testcase classname="pagesTestCasesYasasiiWeb.EmployeeCreation" name="inclinic" time="0.305">
    <skipped/>
  </testcase> <!-- inclinic -->
  <system-out/>
  <testcase classname="pagesTestCasesYasasiiWeb.EmployeeCreation" name="inclinic" time="0.135">
    <skipped/>
  </testcase> <!-- inclinic -->
  <system-out/>
  <testcase classname="pagesTestCasesYasasiiWeb.EmployeeCreation" name="inclinic" time="0.126">
    <skipped/>
  </testcase> <!-- inclinic -->
  <system-out/>
  <testcase classname="pagesTestCasesYasasiiWeb.EmployeeCreation" name="inclinic" time="0.319">
    <skipped/>
  </testcase> <!-- inclinic -->
  <system-out/>
  <testcase classname="pagesTestCasesYasasiiWeb.EmployeeCreation" name="inclinic" time="0.303">
    <skipped/>
  </testcase> <!-- inclinic -->
  <system-out/>
  <testcase classname="pagesTestCasesYasasiiWeb.EmployeeCreation" name="inclinic" time="0.318">
    <skipped/>
  </testcase> <!-- inclinic -->
  <system-out/>
  <testcase classname="pagesTestCasesYasasiiWeb.EmployeeCreation" name="inclinic" time="0.301">
    <skipped/>
  </testcase> <!-- inclinic -->
  <system-out/>
  <testcase classname="pagesTestCasesYasasiiWeb.EmployeeCreation" name="inclinic" time="0.331">
    <skipped/>
  </testcase> <!-- inclinic -->
  <system-out/>
  <testcase classname="pagesTestCasesYasasiiWeb.EmployeeCreation" name="inclinic" time="0.343">
    <skipped/>
  </testcase> <!-- inclinic -->
  <system-out/>
  <testcase classname="pagesTestCasesYasasiiWeb.EmployeeCreation" name="inclinic" time="0.491">
    <skipped/>
  </testcase> <!-- inclinic -->
  <system-out/>
  <testcase classname="pagesTestCasesYasasiiWeb.EmployeeCreation" name="inclinic" time="0.288">
    <skipped/>
  </testcase> <!-- inclinic -->
  <system-out/>
  <testcase classname="pagesTestCasesYasasiiWeb.EmployeeCreation" name="inclinic" time="0.132">
    <skipped/>
  </testcase> <!-- inclinic -->
  <system-out/>
  <testcase classname="pagesTestCasesYasasiiWeb.EmployeeCreation" name="inclinic" time="0.296">
    <skipped/>
  </testcase> <!-- inclinic -->
  <system-out/>
  <testcase classname="pagesTestCasesYasasiiWeb.EmployeeCreation" name="inclinic" time="0.312">
    <skipped/>
  </testcase> <!-- inclinic -->
  <system-out/>
  <testcase classname="pagesTestCasesYasasiiWeb.EmployeeCreation" name="inclinic" time="0.299">
    <skipped/>
  </testcase> <!-- inclinic -->
  <system-out/>
  <testcase classname="pagesTestCasesYasasiiWeb.EmployeeCreation" name="inclinic" time="0.299">
    <skipped/>
  </testcase> <!-- inclinic -->
  <system-out/>
  <testcase classname="pagesTestCasesYasasiiWeb.EmployeeCreation" name="inclinic" time="0.299">
    <skipped/>
  </testcase> <!-- inclinic -->
  <system-out/>
  <testcase classname="pagesTestCasesYasasiiWeb.EmployeeCreation" name="inclinic" time="12.337">
    <error message="no such element: Unable to locate element: {&quot;method&quot;:&quot;xpath&quot;,&quot;selector&quot;:&quot;//a[@class=&#039;nav-link navbar-brand menu&#039;]//div[@class=&#039;bar2&#039;]&quot;}
  (Session info: chrome=107.0.5304.107)
For documentation on this error, please visit: https://www.seleniumhq.org/exceptions/no_such_element.html
Build info: version: &#039;4.0.0-alpha-3&#039;, revision: &#039;8c567de6dc&#039;
System info: host: &#039;KI54&#039;, ip: &#039;192.168.0.54&#039;, os.name: &#039;Windows 10&#039;, os.arch: &#039;amd64&#039;, os.version: &#039;10.0&#039;, java.version: &#039;18.0.1&#039;
Driver info: org.openqa.selenium.chrome.ChromeDriver
Capabilities {acceptInsecureCerts: false, browserName: chrome, browserVersion: 107.0.5304.107, chrome: {chromedriverVersion: 107.0.5304.62 (1eec40d3a576..., userDataDir: C:\Users\sriram\AppData\Loc...}, goog:chromeOptions: {debuggerAddress: localhost:51380}, javascriptEnabled: true, networkConnectionEnabled: false, pageLoadStrategy: normal, platform: WINDOWS, platformName: WINDOWS, proxy: Proxy(), setWindowRect: true, strictFileInteractability: false, timeouts: {implicit: 0, pageLoad: 300000, script: 30000}, unhandledPromptBehavior: dismiss and notify, webauthn:extension:credBlob: true, webauthn:extension:largeBlob: true, webauthn:virtualAuthenticators: true}
Session ID: 8e382696e2b328f28d96be7c7f02a2cd
*** Element info: {Using=xpath, value=//a[@class=&#039;nav-link navbar-brand menu&#039;]//div[@class=&#039;bar2&#039;]}" type="org.openqa.selenium.NoSuchElementException">
      <![CDATA[org.openqa.selenium.NoSuchElementException: no such element: Unable to locate element: {"method":"xpath","selector":"//a[@class='nav-link navbar-brand menu']//div[@class='bar2']"}
  (Session info: chrome=107.0.5304.107)
For documentation on this error, please visit: https://www.seleniumhq.org/exceptions/no_such_element.html
Build info: version: '4.0.0-alpha-3', revision: '8c567de6dc'
System info: host: 'KI54', ip: '192.168.0.54', os.name: 'Windows 10', os.arch: 'amd64', os.version: '10.0', java.version: '18.0.1'
Driver info: org.openqa.selenium.chrome.ChromeDriver
Capabilities {acceptInsecureCerts: false, browserName: chrome, browserVersion: 107.0.5304.107, chrome: {chromedriverVersion: 107.0.5304.62 (1eec40d3a576..., userDataDir: C:\Users\sriram\AppData\Loc...}, goog:chromeOptions: {debuggerAddress: localhost:51380}, javascriptEnabled: true, networkConnectionEnabled: false, pageLoadStrategy: normal, platform: WINDOWS, platformName: WINDOWS, proxy: Proxy(), setWindowRect: true, strictFileInteractability: false, timeouts: {implicit: 0, pageLoad: 300000, script: 30000}, unhandledPromptBehavior: dismiss and notify, webauthn:extension:credBlob: true, webauthn:extension:largeBlob: true, webauthn:virtualAuthenticators: true}
Session ID: 8e382696e2b328f28d96be7c7f02a2cd
*** Element info: {Using=xpath, value=//a[@class='nav-link navbar-brand menu']//div[@class='bar2']}
at java.base/jdk.internal.reflect.DirectConstructorHandleAccessor.newInstance(DirectConstructorHandleAccessor.java:67)
at java.base/java.lang.reflect.Constructor.newInstanceWithCaller(Constructor.java:499)
at java.base/java.lang.reflect.Constructor.newInstance(Constructor.java:483)
at org.openqa.selenium.remote.codec.w3c.W3CHttpResponseCodec.createException(W3CHttpResponseCodec.java:191)
at org.openqa.selenium.remote.codec.w3c.W3CHttpResponseCodec.decode(W3CHttpResponseCodec.java:125)
at org.openqa.selenium.remote.codec.w3c.W3CHttpResponseCodec.decode(W3CHttpResponseCodec.java:52)
at org.openqa.selenium.remote.HttpCommandExecutor.execute(HttpCommandExecutor.java:161)
at org.openqa.selenium.remote.service.DriverCommandExecutor.execute(DriverCommandExecutor.java:83)
at org.openqa.selenium.remote.RemoteWebDriver.execute(RemoteWebDriver.java:576)
at org.openqa.selenium.remote.RemoteWebDriver.findElement(RemoteWebDriver.java:327)
at org.openqa.selenium.remote.RemoteWebDriver.findElementByXPath(RemoteWebDriver.java:445)
at org.openqa.selenium.By$ByXPath.findElement(By.java:396)
at org.openqa.selenium.remote.RemoteWebDriver.findElement(RemoteWebDriver.java:319)
at org.openqa.selenium.support.pagefactory.DefaultElementLocator.findElement(DefaultElementLocator.java:70)
at org.openqa.selenium.support.pagefactory.internal.LocatingElementHandler.invoke(LocatingElementHandler.java:39)
at jdk.proxy2/jdk.proxy2.$Proxy35.click(Unknown Source)
at pagesOfYasasiiWeb.employeeCreation.empcreation(employeeCreation.java:84)
at pagesTestCasesYasasiiWeb.EmployeeCreation.inclinic(EmployeeCreation.java:38)
at java.base/jdk.internal.reflect.DirectMethodHandleAccessor.invoke(DirectMethodHandleAccessor.java:104)
at java.base/java.lang.reflect.Method.invoke(Method.java:577)
at org.testng.internal.MethodInvocationHelper.invokeMethod(MethodInvocationHelper.java:132)
at org.testng.internal.TestInvoker.invokeMethod(TestInvoker.java:599)
at org.testng.internal.TestInvoker.invokeTestMethod(TestInvoker.java:174)
at org.testng.internal.MethodRunner.runInSequence(MethodRunner.java:46)
at org.testng.internal.TestInvoker$MethodInvocationAgent.invoke(TestInvoker.java:822)
at org.testng.internal.TestInvoker.invokeTestMethods(TestInvoker.java:147)
at org.testng.internal.TestMethodWorker.invokeTestMethods(TestMethodWorker.java:146)
at org.testng.internal.TestMethodWorker.run(TestMethodWorker.java:128)
at java.base/java.util.ArrayList.forEach(ArrayList.java:1511)
at org.testng.TestRunner.privateRun(TestRunner.java:764)
at org.testng.TestRunner.run(TestRunner.java:585)
at org.testng.SuiteRunner.runTest(SuiteRunner.java:384)
at org.testng.SuiteRunner.runSequentially(SuiteRunner.java:378)
at org.testng.SuiteRunner.privateRun(SuiteRunner.java:337)
at org.testng.SuiteRunner.run(SuiteRunner.java:286)
at org.testng.SuiteRunnerWorker.runSuite(SuiteRunnerWorker.java:53)
at org.testng.SuiteRunnerWorker.run(SuiteRunnerWorker.java:96)
at org.testng.TestNG.runSuitesSequentially(TestNG.java:1218)
at org.testng.TestNG.runSuitesLocally(TestNG.java:1140)
at org.testng.TestNG.runSuites(TestNG.java:1069)
at org.testng.TestNG.run(TestNG.java:1037)
at org.testng.remote.AbstractRemoteTestNG.run(AbstractRemoteTestNG.java:115)
at org.testng.remote.RemoteTestNG.initAndRun(RemoteTestNG.java:251)
at org.testng.remote.RemoteTestNG.main(RemoteTestNG.java:77)
]]>
    </error>
  </testcase> <!-- inclinic -->
  <system-out/>
  <testcase classname="pagesTestCasesYasasiiWeb.EmployeeCreation" name="inclinic" time="0.306">
    <skipped/>
  </testcase> <!-- inclinic -->
  <system-out/>
  <testcase classname="pagesTestCasesYasasiiWeb.EmployeeCreation" name="inclinic" time="0.301">
    <skipped/>
  </testcase> <!-- inclinic -->
  <system-out/>
  <testcase classname="pagesTestCasesYasasiiWeb.EmployeeCreation" name="inclinic" time="0.311">
    <skipped/>
  </testcase> <!-- inclinic -->
  <system-out/>
  <testcase classname="pagesTestCasesYasasiiWeb.EmployeeCreation" name="inclinic" time="0.140">
    <skipped/>
  </testcase> <!-- inclinic -->
  <system-out/>
  <testcase classname="pagesTestCasesYasasiiWeb.EmployeeCreation" name="inclinic" time="0.318">
    <skipped/>
  </testcase> <!-- inclinic -->
  <system-out/>
  <testcase classname="pagesTestCasesYasasiiWeb.EmployeeCreation" name="inclinic" time="0.328">
    <skipped/>
  </testcase> <!-- inclinic -->
  <system-out/>
  <testcase classname="pagesTestCasesYasasiiWeb.EmployeeCreation" name="inclinic" time="0.429">
    <skipped/>
  </testcase> <!-- inclinic -->
  <system-out/>
  <testcase classname="pagesTestCasesYasasiiWeb.EmployeeCreation" name="inclinic" time="0.116">
    <skipped/>
  </testcase> <!-- inclinic -->
  <system-out/>
  <testcase classname="pagesTestCasesYasasiiWeb.EmployeeCreation" name="inclinic" time="0.324">
    <skipped/>
  </testcase> <!-- inclinic -->
  <system-out/>
  <testcase classname="pagesTestCasesYasasiiWeb.EmployeeCreation" name="inclinic" time="0.296">
    <skipped/>
  </testcase> <!-- inclinic -->
  <system-out/>
  <testcase classname="pagesTestCasesYasasiiWeb.EmployeeCreation" name="inclinic" time="0.297">
    <skipped/>
  </testcase> <!-- inclinic -->
  <system-out/>
  <testcase classname="pagesTestCasesYasasiiWeb.EmployeeCreation" name="inclinic" time="0.355">
    <skipped/>
  </testcase> <!-- inclinic -->
  <system-out/>
  <testcase classname="pagesTestCasesYasasiiWeb.EmployeeCreation" name="inclinic" time="0.156">
    <skipped/>
  </testcase> <!-- inclinic -->
  <system-out/>
  <testcase classname="pagesTestCasesYasasiiWeb.EmployeeCreation" name="inclinic" time="0.153">
    <skipped/>
  </testcase> <!-- inclinic -->
  <system-out/>
  <testcase classname="pagesTestCasesYasasiiWeb.EmployeeCreation" name="inclinic" time="0.287">
    <skipped/>
  </testcase> <!-- inclinic -->
  <system-out/>
  <testcase classname="pagesTestCasesYasasiiWeb.EmployeeCreation" name="inclinic" time="0.339">
    <skipped/>
  </testcase> <!-- inclinic -->
  <system-out/>
  <testcase classname="pagesTestCasesYasasiiWeb.EmployeeCreation" name="inclinic" time="0.288">
    <skipped/>
  </testcase> <!-- inclinic -->
  <system-out/>
  <testcase classname="pagesTestCasesYasasiiWeb.EmployeeCreation" name="inclinic" time="0.148">
    <skipped/>
  </testcase> <!-- inclinic -->
  <system-out/>
  <testcase classname="pagesTestCasesYasasiiWeb.EmployeeCreation" name="inclinic" time="0.313">
    <skipped/>
  </testcase> <!-- inclinic -->
  <system-out/>
  <testcase classname="pagesTestCasesYasasiiWeb.EmployeeCreation" name="inclinic" time="0.312">
    <skipped/>
  </testcase> <!-- inclinic -->
  <system-out/>
  <testcase classname="pagesTestCasesYasasiiWeb.EmployeeCreation" name="inclinic" time="0.309">
    <skipped/>
  </testcase> <!-- inclinic -->
  <system-out/>
  <testcase classname="pagesTestCasesYasasiiWeb.EmployeeCreation" name="inclinic" time="0.283">
    <skipped/>
  </testcase> <!-- inclinic -->
  <system-out/>
  <testcase classname="pagesTestCasesYasasiiWeb.EmployeeCreation" name="inclinic" time="0.297">
    <skipped/>
  </testcase> <!-- inclinic -->
  <system-out/>
  <testcase classname="pagesTestCasesYasasiiWeb.EmployeeCreation" name="inclinic" time="0.325">
    <skipped/>
  </testcase> <!-- inclinic -->
  <system-out/>
  <testcase classname="pagesTestCasesYasasiiWeb.EmployeeCreation" name="inclinic" time="0.369">
    <skipped/>
  </testcase> <!-- inclinic -->
  <system-out/>
  <testcase classname="pagesTestCasesYasasiiWeb.EmployeeCreation" name="inclinic" time="0.296">
    <skipped/>
  </testcase> <!-- inclinic -->
  <system-out/>
  <testcase classname="pagesTestCasesYasasiiWeb.EmployeeCreation" name="inclinic" time="0.327">
    <skipped/>
  </testcase> <!-- inclinic -->
  <system-out/>
  <testcase classname="pagesTestCasesYasasiiWeb.EmployeeCreation" name="inclinic" time="0.330">
    <skipped/>
  </testcase> <!-- inclinic -->
  <system-out/>
  <testcase classname="pagesTestCasesYasasiiWeb.EmployeeCreation" name="inclinic" time="0.332">
    <skipped/>
  </testcase> <!-- inclinic -->
  <system-out/>
  <testcase classname="pagesTestCasesYasasiiWeb.EmployeeCreation" name="inclinic" time="0.326">
    <skipped/>
  </testcase> <!-- inclinic -->
  <system-out/>
  <testcase classname="pagesTestCasesYasasiiWeb.EmployeeCreation" name="inclinic" time="0.319">
    <skipped/>
  </testcase> <!-- inclinic -->
  <system-out/>
  <testcase classname="pagesTestCasesYasasiiWeb.EmployeeCreation" name="inclinic" time="0.349">
    <skipped/>
  </testcase> <!-- inclinic -->
  <system-out/>
  <testcase classname="pagesTestCasesYasasiiWeb.EmployeeCreation" name="inclinic" time="0.318">
    <skipped/>
  </testcase> <!-- inclinic -->
  <system-out/>
  <testcase classname="pagesTestCasesYasasiiWeb.EmployeeCreation" name="inclinic" time="0.312">
    <skipped/>
  </testcase> <!-- inclinic -->
  <system-out/>
  <testcase classname="pagesTestCasesYasasiiWeb.EmployeeCreation" name="inclinic" time="0.312">
    <skipped/>
  </testcase> <!-- inclinic -->
  <system-out/>
  <testcase classname="pagesTestCasesYasasiiWeb.EmployeeCreation" name="inclinic" time="0.328">
    <skipped/>
  </testcase> <!-- inclinic -->
  <system-out/>
  <testcase classname="pagesTestCasesYasasiiWeb.EmployeeCreation" name="inclinic" time="0.329">
    <skipped/>
  </testcase> <!-- inclinic -->
  <system-out/>
  <testcase classname="pagesTestCasesYasasiiWeb.EmployeeCreation" name="inclinic" time="0.338">
    <skipped/>
  </testcase> <!-- inclinic -->
  <system-out/>
  <testcase classname="pagesTestCasesYasasiiWeb.EmployeeCreation" name="inclinic" time="0.335">
    <skipped/>
  </testcase> <!-- inclinic -->
  <system-out/>
  <testcase classname="pagesTestCasesYasasiiWeb.EmployeeCreation" name="inclinic" time="0.326">
    <skipped/>
  </testcase> <!-- inclinic -->
  <system-out/>
  <testcase classname="pagesTestCasesYasasiiWeb.EmployeeCreation" name="inclinic" time="0.305">
    <skipped/>
  </testcase> <!-- inclinic -->
  <system-out/>
  <testcase classname="pagesTestCasesYasasiiWeb.EmployeeCreation" name="inclinic" time="0.318">
    <skipped/>
  </testcase> <!-- inclinic -->
  <system-out/>
  <testcase classname="pagesTestCasesYasasiiWeb.EmployeeCreation" name="inclinic" time="0.300">
    <skipped/>
  </testcase> <!-- inclinic -->
  <system-out/>
  <testcase classname="pagesTestCasesYasasiiWeb.EmployeeCreation" name="inclinic" time="0.307">
    <skipped/>
  </testcase> <!-- inclinic -->
  <system-out/>
  <testcase classname="pagesTestCasesYasasiiWeb.EmployeeCreation" name="inclinic" time="0.308">
    <skipped/>
  </testcase> <!-- inclinic -->
  <system-out/>
  <testcase classname="pagesTestCasesYasasiiWeb.EmployeeCreation" name="inclinic" time="0.001">
    <skipped/>
  </testcase> <!-- inclinic -->
  <system-out/>
  <testcase classname="pagesTestCasesYasasiiWeb.EmployeeCreation" name="inclinic" time="0.000">
    <skipped/>
  </testcase> <!-- inclinic -->
  <system-out/>
  <testcase classname="pagesTestCasesYasasiiWeb.EmployeeCreation" name="inclinic" time="0.000">
    <skipped/>
  </testcase> <!-- inclinic -->
  <system-out/>
  <testcase classname="pagesTestCasesYasasiiWeb.EmployeeCreation" name="inclinic" time="12.674">
    <error message="no such element: Unable to locate element: {&quot;method&quot;:&quot;xpath&quot;,&quot;selector&quot;:&quot;//div[@class=&#039;module-icon-wrap ng-star-inserted&#039;]//i[@class=&#039;ki ki-user-privilege-fill&#039;]&quot;}
  (Session info: chrome=107.0.5304.107)
For documentation on this error, please visit: https://www.seleniumhq.org/exceptions/no_such_element.html
Build info: version: &#039;4.0.0-alpha-3&#039;, revision: &#039;8c567de6dc&#039;
System info: host: &#039;KI54&#039;, ip: &#039;192.168.0.54&#039;, os.name: &#039;Windows 10&#039;, os.arch: &#039;amd64&#039;, os.version: &#039;10.0&#039;, java.version: &#039;18.0.1&#039;
Driver info: org.openqa.selenium.chrome.ChromeDriver
Capabilities {acceptInsecureCerts: false, browserName: chrome, browserVersion: 107.0.5304.107, chrome: {chromedriverVersion: 107.0.5304.62 (1eec40d3a576..., userDataDir: C:\Users\sriram\AppData\Loc...}, goog:chromeOptions: {debuggerAddress: localhost:51380}, javascriptEnabled: true, networkConnectionEnabled: false, pageLoadStrategy: normal, platform: WINDOWS, platformName: WINDOWS, proxy: Proxy(), setWindowRect: true, strictFileInteractability: false, timeouts: {implicit: 0, pageLoad: 300000, script: 30000}, unhandledPromptBehavior: dismiss and notify, webauthn:extension:credBlob: true, webauthn:extension:largeBlob: true, webauthn:virtualAuthenticators: true}
Session ID: 8e382696e2b328f28d96be7c7f02a2cd
*** Element info: {Using=xpath, value=//div[@class=&#039;module-icon-wrap ng-star-inserted&#039;]//i[@class=&#039;ki ki-user-privilege-fill&#039;]}" type="org.openqa.selenium.NoSuchElementException">
      <![CDATA[org.openqa.selenium.NoSuchElementException: no such element: Unable to locate element: {"method":"xpath","selector":"//div[@class='module-icon-wrap ng-star-inserted']//i[@class='ki ki-user-privilege-fill']"}
  (Session info: chrome=107.0.5304.107)
For documentation on this error, please visit: https://www.seleniumhq.org/exceptions/no_such_element.html
Build info: version: '4.0.0-alpha-3', revision: '8c567de6dc'
System info: host: 'KI54', ip: '192.168.0.54', os.name: 'Windows 10', os.arch: 'amd64', os.version: '10.0', java.version: '18.0.1'
Driver info: org.openqa.selenium.chrome.ChromeDriver
Capabilities {acceptInsecureCerts: false, browserName: chrome, browserVersion: 107.0.5304.107, chrome: {chromedriverVersion: 107.0.5304.62 (1eec40d3a576..., userDataDir: C:\Users\sriram\AppData\Loc...}, goog:chromeOptions: {debuggerAddress: localhost:51380}, javascriptEnabled: true, networkConnectionEnabled: false, pageLoadStrategy: normal, platform: WINDOWS, platformName: WINDOWS, proxy: Proxy(), setWindowRect: true, strictFileInteractability: false, timeouts: {implicit: 0, pageLoad: 300000, script: 30000}, unhandledPromptBehavior: dismiss and notify, webauthn:extension:credBlob: true, webauthn:extension:largeBlob: true, webauthn:virtualAuthenticators: true}
Session ID: 8e382696e2b328f28d96be7c7f02a2cd
*** Element info: {Using=xpath, value=//div[@class='module-icon-wrap ng-star-inserted']//i[@class='ki ki-user-privilege-fill']}
at java.base/jdk.internal.reflect.DirectConstructorHandleAccessor.newInstance(DirectConstructorHandleAccessor.java:67)
at java.base/java.lang.reflect.Constructor.newInstanceWithCaller(Constructor.java:499)
at java.base/java.lang.reflect.Constructor.newInstance(Constructor.java:483)
at org.openqa.selenium.remote.codec.w3c.W3CHttpResponseCodec.createException(W3CHttpResponseCodec.java:191)
at org.openqa.selenium.remote.codec.w3c.W3CHttpResponseCodec.decode(W3CHttpResponseCodec.java:125)
at org.openqa.selenium.remote.codec.w3c.W3CHttpResponseCodec.decode(W3CHttpResponseCodec.java:52)
at org.openqa.selenium.remote.HttpCommandExecutor.execute(HttpCommandExecutor.java:161)
at org.openqa.selenium.remote.service.DriverCommandExecutor.execute(DriverCommandExecutor.java:83)
at org.openqa.selenium.remote.RemoteWebDriver.execute(RemoteWebDriver.java:576)
at org.openqa.selenium.remote.RemoteWebDriver.findElement(RemoteWebDriver.java:327)
at org.openqa.selenium.remote.RemoteWebDriver.findElementByXPath(RemoteWebDriver.java:445)
at org.openqa.selenium.By$ByXPath.findElement(By.java:396)
at org.openqa.selenium.remote.RemoteWebDriver.findElement(RemoteWebDriver.java:319)
at org.openqa.selenium.support.pagefactory.DefaultElementLocator.findElement(DefaultElementLocator.java:70)
at org.openqa.selenium.support.pagefactory.internal.LocatingElementHandler.invoke(LocatingElementHandler.java:39)
at jdk.proxy2/jdk.proxy2.$Proxy35.click(Unknown Source)
at pagesOfYasasiiWeb.employeeCreation.empcreation(employeeCreation.java:86)
at pagesTestCasesYasasiiWeb.EmployeeCreation.inclinic(EmployeeCreation.java:38)
at java.base/jdk.internal.reflect.DirectMethodHandleAccessor.invoke(DirectMethodHandleAccessor.java:104)
at java.base/java.lang.reflect.Method.invoke(Method.java:577)
at org.testng.internal.MethodInvocationHelper.invokeMethod(MethodInvocationHelper.java:132)
at org.testng.internal.TestInvoker.invokeMethod(TestInvoker.java:599)
at org.testng.internal.TestInvoker.invokeTestMethod(TestInvoker.java:174)
at org.testng.internal.MethodRunner.runInSequence(MethodRunner.java:46)
at org.testng.internal.TestInvoker$MethodInvocationAgent.invoke(TestInvoker.java:822)
at org.testng.internal.TestInvoker.invokeTestMethods(TestInvoker.java:147)
at org.testng.internal.TestMethodWorker.invokeTestMethods(TestMethodWorker.java:146)
at org.testng.internal.TestMethodWorker.run(TestMethodWorker.java:128)
at java.base/java.util.ArrayList.forEach(ArrayList.java:1511)
at org.testng.TestRunner.privateRun(TestRunner.java:764)
at org.testng.TestRunner.run(TestRunner.java:585)
at org.testng.SuiteRunner.runTest(SuiteRunner.java:384)
at org.testng.SuiteRunner.runSequentially(SuiteRunner.java:378)
at org.testng.SuiteRunner.privateRun(SuiteRunner.java:337)
at org.testng.SuiteRunner.run(SuiteRunner.java:286)
at org.testng.SuiteRunnerWorker.runSuite(SuiteRunnerWorker.java:53)
at org.testng.SuiteRunnerWorker.run(SuiteRunnerWorker.java:96)
at org.testng.TestNG.runSuitesSequentially(TestNG.java:1218)
at org.testng.TestNG.runSuitesLocally(TestNG.java:1140)
at org.testng.TestNG.runSuites(TestNG.java:1069)
at org.testng.TestNG.run(TestNG.java:1037)
at org.testng.remote.AbstractRemoteTestNG.run(AbstractRemoteTestNG.java:115)
at org.testng.remote.RemoteTestNG.initAndRun(RemoteTestNG.java:251)
at org.testng.remote.RemoteTestNG.main(RemoteTestNG.java:77)
]]>
    </error>
  </testcase> <!-- inclinic -->
  <system-out/>
  <testcase classname="pagesTestCasesYasasiiWeb.EmployeeCreation" name="inclinic" time="0.000">
    <skipped/>
  </testcase> <!-- inclinic -->
  <system-out/>
  <testcase classname="pagesTestCasesYasasiiWeb.EmployeeCreation" name="inclinic" time="0.000">
    <skipped/>
  </testcase> <!-- inclinic -->
  <system-out/>
  <testcase classname="pagesTestCasesYasasiiWeb.EmployeeCreation" name="inclinic" time="12.032">
    <error message="no such element: Unable to locate element: {&quot;method&quot;:&quot;xpath&quot;,&quot;selector&quot;:&quot;//a[@class=&#039;nav-link navbar-brand menu&#039;]//div[@class=&#039;bar2&#039;]&quot;}
  (Session info: chrome=107.0.5304.107)
For documentation on this error, please visit: https://www.seleniumhq.org/exceptions/no_such_element.html
Build info: version: &#039;4.0.0-alpha-3&#039;, revision: &#039;8c567de6dc&#039;
System info: host: &#039;KI54&#039;, ip: &#039;192.168.0.54&#039;, os.name: &#039;Windows 10&#039;, os.arch: &#039;amd64&#039;, os.version: &#039;10.0&#039;, java.version: &#039;18.0.1&#039;
Driver info: org.openqa.selenium.chrome.ChromeDriver
Capabilities {acceptInsecureCerts: false, browserName: chrome, browserVersion: 107.0.5304.107, chrome: {chromedriverVersion: 107.0.5304.62 (1eec40d3a576..., userDataDir: C:\Users\sriram\AppData\Loc...}, goog:chromeOptions: {debuggerAddress: localhost:51380}, javascriptEnabled: true, networkConnectionEnabled: false, pageLoadStrategy: normal, platform: WINDOWS, platformName: WINDOWS, proxy: Proxy(), setWindowRect: true, strictFileInteractability: false, timeouts: {implicit: 0, pageLoad: 300000, script: 30000}, unhandledPromptBehavior: dismiss and notify, webauthn:extension:credBlob: true, webauthn:extension:largeBlob: true, webauthn:virtualAuthenticators: true}
Session ID: 8e382696e2b328f28d96be7c7f02a2cd
*** Element info: {Using=xpath, value=//a[@class=&#039;nav-link navbar-brand menu&#039;]//div[@class=&#039;bar2&#039;]}" type="org.openqa.selenium.NoSuchElementException">
      <![CDATA[org.openqa.selenium.NoSuchElementException: no such element: Unable to locate element: {"method":"xpath","selector":"//a[@class='nav-link navbar-brand menu']//div[@class='bar2']"}
  (Session info: chrome=107.0.5304.107)
For documentation on this error, please visit: https://www.seleniumhq.org/exceptions/no_such_element.html
Build info: version: '4.0.0-alpha-3', revision: '8c567de6dc'
System info: host: 'KI54', ip: '192.168.0.54', os.name: 'Windows 10', os.arch: 'amd64', os.version: '10.0', java.version: '18.0.1'
Driver info: org.openqa.selenium.chrome.ChromeDriver
Capabilities {acceptInsecureCerts: false, browserName: chrome, browserVersion: 107.0.5304.107, chrome: {chromedriverVersion: 107.0.5304.62 (1eec40d3a576..., userDataDir: C:\Users\sriram\AppData\Loc...}, goog:chromeOptions: {debuggerAddress: localhost:51380}, javascriptEnabled: true, networkConnectionEnabled: false, pageLoadStrategy: normal, platform: WINDOWS, platformName: WINDOWS, proxy: Proxy(), setWindowRect: true, strictFileInteractability: false, timeouts: {implicit: 0, pageLoad: 300000, script: 30000}, unhandledPromptBehavior: dismiss and notify, webauthn:extension:credBlob: true, webauthn:extension:largeBlob: true, webauthn:virtualAuthenticators: true}
Session ID: 8e382696e2b328f28d96be7c7f02a2cd
*** Element info: {Using=xpath, value=//a[@class='nav-link navbar-brand menu']//div[@class='bar2']}
at java.base/jdk.internal.reflect.DirectConstructorHandleAccessor.newInstance(DirectConstructorHandleAccessor.java:67)
at java.base/java.lang.reflect.Constructor.newInstanceWithCaller(Constructor.java:499)
at java.base/java.lang.reflect.Constructor.newInstance(Constructor.java:483)
at org.openqa.selenium.remote.codec.w3c.W3CHttpResponseCodec.createException(W3CHttpResponseCodec.java:191)
at org.openqa.selenium.remote.codec.w3c.W3CHttpResponseCodec.decode(W3CHttpResponseCodec.java:125)
at org.openqa.selenium.remote.codec.w3c.W3CHttpResponseCodec.decode(W3CHttpResponseCodec.java:52)
at org.openqa.selenium.remote.HttpCommandExecutor.execute(HttpCommandExecutor.java:161)
at org.openqa.selenium.remote.service.DriverCommandExecutor.execute(DriverCommandExecutor.java:83)
at org.openqa.selenium.remote.RemoteWebDriver.execute(RemoteWebDriver.java:576)
at org.openqa.selenium.remote.RemoteWebDriver.findElement(RemoteWebDriver.java:327)
at org.openqa.selenium.remote.RemoteWebDriver.findElementByXPath(RemoteWebDriver.java:445)
at org.openqa.selenium.By$ByXPath.findElement(By.java:396)
at org.openqa.selenium.remote.RemoteWebDriver.findElement(RemoteWebDriver.java:319)
at org.openqa.selenium.support.pagefactory.DefaultElementLocator.findElement(DefaultElementLocator.java:70)
at org.openqa.selenium.support.pagefactory.internal.LocatingElementHandler.invoke(LocatingElementHandler.java:39)
at jdk.proxy2/jdk.proxy2.$Proxy35.click(Unknown Source)
at pagesOfYasasiiWeb.employeeCreation.empcreation(employeeCreation.java:84)
at pagesTestCasesYasasiiWeb.EmployeeCreation.inclinic(EmployeeCreation.java:38)
at java.base/jdk.internal.reflect.DirectMethodHandleAccessor.invoke(DirectMethodHandleAccessor.java:104)
at java.base/java.lang.reflect.Method.invoke(Method.java:577)
at org.testng.internal.MethodInvocationHelper.invokeMethod(MethodInvocationHelper.java:132)
at org.testng.internal.TestInvoker.invokeMethod(TestInvoker.java:599)
at org.testng.internal.TestInvoker.invokeTestMethod(TestInvoker.java:174)
at org.testng.internal.MethodRunner.runInSequence(MethodRunner.java:46)
at org.testng.internal.TestInvoker$MethodInvocationAgent.invoke(TestInvoker.java:822)
at org.testng.internal.TestInvoker.invokeTestMethods(TestInvoker.java:147)
at org.testng.internal.TestMethodWorker.invokeTestMethods(TestMethodWorker.java:146)
at org.testng.internal.TestMethodWorker.run(TestMethodWorker.java:128)
at java.base/java.util.ArrayList.forEach(ArrayList.java:1511)
at org.testng.TestRunner.privateRun(TestRunner.java:764)
at org.testng.TestRunner.run(TestRunner.java:585)
at org.testng.SuiteRunner.runTest(SuiteRunner.java:384)
at org.testng.SuiteRunner.runSequentially(SuiteRunner.java:378)
at org.testng.SuiteRunner.privateRun(SuiteRunner.java:337)
at org.testng.SuiteRunner.run(SuiteRunner.java:286)
at org.testng.SuiteRunnerWorker.runSuite(SuiteRunnerWorker.java:53)
at org.testng.SuiteRunnerWorker.run(SuiteRunnerWorker.java:96)
at org.testng.TestNG.runSuitesSequentially(TestNG.java:1218)
at org.testng.TestNG.runSuitesLocally(TestNG.java:1140)
at org.testng.TestNG.runSuites(TestNG.java:1069)
at org.testng.TestNG.run(TestNG.java:1037)
at org.testng.remote.AbstractRemoteTestNG.run(AbstractRemoteTestNG.java:115)
at org.testng.remote.RemoteTestNG.initAndRun(RemoteTestNG.java:251)
at org.testng.remote.RemoteTestNG.main(RemoteTestNG.java:77)
]]>
    </error>
  </testcase> <!-- inclinic -->
  <system-out/>
  <testcase classname="pagesTestCasesYasasiiWeb.EmployeeCreation" name="inclinic" time="0.000">
    <skipped/>
  </testcase> <!-- inclinic -->
  <system-out/>
  <testcase classname="pagesTestCasesYasasiiWeb.EmployeeCreation" name="inclinic" time="0.000">
    <skipped/>
  </testcase> <!-- inclinic -->
  <system-out/>
  <testcase classname="pagesTestCasesYasasiiWeb.EmployeeCreation" name="inclinic" time="0.000">
    <skipped/>
  </testcase> <!-- inclinic -->
  <system-out/>
  <testcase classname="pagesTestCasesYasasiiWeb.EmployeeCreation" name="inclinic" time="12.075">
    <error message="no such element: Unable to locate element: {&quot;method&quot;:&quot;xpath&quot;,&quot;selector&quot;:&quot;//a[@class=&#039;nav-link navbar-brand menu&#039;]//div[@class=&#039;bar2&#039;]&quot;}
  (Session info: chrome=107.0.5304.107)
For documentation on this error, please visit: https://www.seleniumhq.org/exceptions/no_such_element.html
Build info: version: &#039;4.0.0-alpha-3&#039;, revision: &#039;8c567de6dc&#039;
System info: host: &#039;KI54&#039;, ip: &#039;192.168.0.54&#039;, os.name: &#039;Windows 10&#039;, os.arch: &#039;amd64&#039;, os.version: &#039;10.0&#039;, java.version: &#039;18.0.1&#039;
Driver info: org.openqa.selenium.chrome.ChromeDriver
Capabilities {acceptInsecureCerts: false, browserName: chrome, browserVersion: 107.0.5304.107, chrome: {chromedriverVersion: 107.0.5304.62 (1eec40d3a576..., userDataDir: C:\Users\sriram\AppData\Loc...}, goog:chromeOptions: {debuggerAddress: localhost:51380}, javascriptEnabled: true, networkConnectionEnabled: false, pageLoadStrategy: normal, platform: WINDOWS, platformName: WINDOWS, proxy: Proxy(), setWindowRect: true, strictFileInteractability: false, timeouts: {implicit: 0, pageLoad: 300000, script: 30000}, unhandledPromptBehavior: dismiss and notify, webauthn:extension:credBlob: true, webauthn:extension:largeBlob: true, webauthn:virtualAuthenticators: true}
Session ID: 8e382696e2b328f28d96be7c7f02a2cd
*** Element info: {Using=xpath, value=//a[@class=&#039;nav-link navbar-brand menu&#039;]//div[@class=&#039;bar2&#039;]}" type="org.openqa.selenium.NoSuchElementException">
      <![CDATA[org.openqa.selenium.NoSuchElementException: no such element: Unable to locate element: {"method":"xpath","selector":"//a[@class='nav-link navbar-brand menu']//div[@class='bar2']"}
  (Session info: chrome=107.0.5304.107)
For documentation on this error, please visit: https://www.seleniumhq.org/exceptions/no_such_element.html
Build info: version: '4.0.0-alpha-3', revision: '8c567de6dc'
System info: host: 'KI54', ip: '192.168.0.54', os.name: 'Windows 10', os.arch: 'amd64', os.version: '10.0', java.version: '18.0.1'
Driver info: org.openqa.selenium.chrome.ChromeDriver
Capabilities {acceptInsecureCerts: false, browserName: chrome, browserVersion: 107.0.5304.107, chrome: {chromedriverVersion: 107.0.5304.62 (1eec40d3a576..., userDataDir: C:\Users\sriram\AppData\Loc...}, goog:chromeOptions: {debuggerAddress: localhost:51380}, javascriptEnabled: true, networkConnectionEnabled: false, pageLoadStrategy: normal, platform: WINDOWS, platformName: WINDOWS, proxy: Proxy(), setWindowRect: true, strictFileInteractability: false, timeouts: {implicit: 0, pageLoad: 300000, script: 30000}, unhandledPromptBehavior: dismiss and notify, webauthn:extension:credBlob: true, webauthn:extension:largeBlob: true, webauthn:virtualAuthenticators: true}
Session ID: 8e382696e2b328f28d96be7c7f02a2cd
*** Element info: {Using=xpath, value=//a[@class='nav-link navbar-brand menu']//div[@class='bar2']}
at java.base/jdk.internal.reflect.DirectConstructorHandleAccessor.newInstance(DirectConstructorHandleAccessor.java:67)
at java.base/java.lang.reflect.Constructor.newInstanceWithCaller(Constructor.java:499)
at java.base/java.lang.reflect.Constructor.newInstance(Constructor.java:483)
at org.openqa.selenium.remote.codec.w3c.W3CHttpResponseCodec.createException(W3CHttpResponseCodec.java:191)
at org.openqa.selenium.remote.codec.w3c.W3CHttpResponseCodec.decode(W3CHttpResponseCodec.java:125)
at org.openqa.selenium.remote.codec.w3c.W3CHttpResponseCodec.decode(W3CHttpResponseCodec.java:52)
at org.openqa.selenium.remote.HttpCommandExecutor.execute(HttpCommandExecutor.java:161)
at org.openqa.selenium.remote.service.DriverCommandExecutor.execute(DriverCommandExecutor.java:83)
at org.openqa.selenium.remote.RemoteWebDriver.execute(RemoteWebDriver.java:576)
at org.openqa.selenium.remote.RemoteWebDriver.findElement(RemoteWebDriver.java:327)
at org.openqa.selenium.remote.RemoteWebDriver.findElementByXPath(RemoteWebDriver.java:445)
at org.openqa.selenium.By$ByXPath.findElement(By.java:396)
at org.openqa.selenium.remote.RemoteWebDriver.findElement(RemoteWebDriver.java:319)
at org.openqa.selenium.support.pagefactory.DefaultElementLocator.findElement(DefaultElementLocator.java:70)
at org.openqa.selenium.support.pagefactory.internal.LocatingElementHandler.invoke(LocatingElementHandler.java:39)
at jdk.proxy2/jdk.proxy2.$Proxy35.click(Unknown Source)
at pagesOfYasasiiWeb.employeeCreation.empcreation(employeeCreation.java:84)
at pagesTestCasesYasasiiWeb.EmployeeCreation.inclinic(EmployeeCreation.java:38)
at java.base/jdk.internal.reflect.DirectMethodHandleAccessor.invoke(DirectMethodHandleAccessor.java:104)
at java.base/java.lang.reflect.Method.invoke(Method.java:577)
at org.testng.internal.MethodInvocationHelper.invokeMethod(MethodInvocationHelper.java:132)
at org.testng.internal.TestInvoker.invokeMethod(TestInvoker.java:599)
at org.testng.internal.TestInvoker.invokeTestMethod(TestInvoker.java:174)
at org.testng.internal.MethodRunner.runInSequence(MethodRunner.java:46)
at org.testng.internal.TestInvoker$MethodInvocationAgent.invoke(TestInvoker.java:822)
at org.testng.internal.TestInvoker.invokeTestMethods(TestInvoker.java:147)
at org.testng.internal.TestMethodWorker.invokeTestMethods(TestMethodWorker.java:146)
at org.testng.internal.TestMethodWorker.run(TestMethodWorker.java:128)
at java.base/java.util.ArrayList.forEach(ArrayList.java:1511)
at org.testng.TestRunner.privateRun(TestRunner.java:764)
at org.testng.TestRunner.run(TestRunner.java:585)
at org.testng.SuiteRunner.runTest(SuiteRunner.java:384)
at org.testng.SuiteRunner.runSequentially(SuiteRunner.java:378)
at org.testng.SuiteRunner.privateRun(SuiteRunner.java:337)
at org.testng.SuiteRunner.run(SuiteRunner.java:286)
at org.testng.SuiteRunnerWorker.runSuite(SuiteRunnerWorker.java:53)
at org.testng.SuiteRunnerWorker.run(SuiteRunnerWorker.java:96)
at org.testng.TestNG.runSuitesSequentially(TestNG.java:1218)
at org.testng.TestNG.runSuitesLocally(TestNG.java:1140)
at org.testng.TestNG.runSuites(TestNG.java:1069)
at org.testng.TestNG.run(TestNG.java:1037)
at org.testng.remote.AbstractRemoteTestNG.run(AbstractRemoteTestNG.java:115)
at org.testng.remote.RemoteTestNG.initAndRun(RemoteTestNG.java:251)
at org.testng.remote.RemoteTestNG.main(RemoteTestNG.java:77)
]]>
    </error>
  </testcase> <!-- inclinic -->
  <system-out/>
  <testcase classname="pagesTestCasesYasasiiWeb.EmployeeCreation" name="inclinic" time="0.000">
    <skipped/>
  </testcase> <!-- inclinic -->
  <system-out/>
  <testcase classname="pagesTestCasesYasasiiWeb.EmployeeCreation" name="inclinic" time="0.000">
    <skipped/>
  </testcase> <!-- inclinic -->
  <system-out/>
  <testcase classname="pagesTestCasesYasasiiWeb.EmployeeCreation" name="inclinic" time="0.000">
    <skipped/>
  </testcase> <!-- inclinic -->
  <system-out/>
  <testcase classname="pagesTestCasesYasasiiWeb.EmployeeCreation" name="inclinic" time="0.000">
    <skipped/>
  </testcase> <!-- inclinic -->
  <system-out/>
  <testcase classname="pagesTestCasesYasasiiWeb.EmployeeCreation" name="inclinic" time="12.071">
    <error message="no such element: Unable to locate element: {&quot;method&quot;:&quot;xpath&quot;,&quot;selector&quot;:&quot;//a[@class=&#039;nav-link navbar-brand menu&#039;]//div[@class=&#039;bar2&#039;]&quot;}
  (Session info: chrome=107.0.5304.107)
For documentation on this error, please visit: https://www.seleniumhq.org/exceptions/no_such_element.html
Build info: version: &#039;4.0.0-alpha-3&#039;, revision: &#039;8c567de6dc&#039;
System info: host: &#039;KI54&#039;, ip: &#039;192.168.0.54&#039;, os.name: &#039;Windows 10&#039;, os.arch: &#039;amd64&#039;, os.version: &#039;10.0&#039;, java.version: &#039;18.0.1&#039;
Driver info: org.openqa.selenium.chrome.ChromeDriver
Capabilities {acceptInsecureCerts: false, browserName: chrome, browserVersion: 107.0.5304.107, chrome: {chromedriverVersion: 107.0.5304.62 (1eec40d3a576..., userDataDir: C:\Users\sriram\AppData\Loc...}, goog:chromeOptions: {debuggerAddress: localhost:51380}, javascriptEnabled: true, networkConnectionEnabled: false, pageLoadStrategy: normal, platform: WINDOWS, platformName: WINDOWS, proxy: Proxy(), setWindowRect: true, strictFileInteractability: false, timeouts: {implicit: 0, pageLoad: 300000, script: 30000}, unhandledPromptBehavior: dismiss and notify, webauthn:extension:credBlob: true, webauthn:extension:largeBlob: true, webauthn:virtualAuthenticators: true}
Session ID: 8e382696e2b328f28d96be7c7f02a2cd
*** Element info: {Using=xpath, value=//a[@class=&#039;nav-link navbar-brand menu&#039;]//div[@class=&#039;bar2&#039;]}" type="org.openqa.selenium.NoSuchElementException">
      <![CDATA[org.openqa.selenium.NoSuchElementException: no such element: Unable to locate element: {"method":"xpath","selector":"//a[@class='nav-link navbar-brand menu']//div[@class='bar2']"}
  (Session info: chrome=107.0.5304.107)
For documentation on this error, please visit: https://www.seleniumhq.org/exceptions/no_such_element.html
Build info: version: '4.0.0-alpha-3', revision: '8c567de6dc'
System info: host: 'KI54', ip: '192.168.0.54', os.name: 'Windows 10', os.arch: 'amd64', os.version: '10.0', java.version: '18.0.1'
Driver info: org.openqa.selenium.chrome.ChromeDriver
Capabilities {acceptInsecureCerts: false, browserName: chrome, browserVersion: 107.0.5304.107, chrome: {chromedriverVersion: 107.0.5304.62 (1eec40d3a576..., userDataDir: C:\Users\sriram\AppData\Loc...}, goog:chromeOptions: {debuggerAddress: localhost:51380}, javascriptEnabled: true, networkConnectionEnabled: false, pageLoadStrategy: normal, platform: WINDOWS, platformName: WINDOWS, proxy: Proxy(), setWindowRect: true, strictFileInteractability: false, timeouts: {implicit: 0, pageLoad: 300000, script: 30000}, unhandledPromptBehavior: dismiss and notify, webauthn:extension:credBlob: true, webauthn:extension:largeBlob: true, webauthn:virtualAuthenticators: true}
Session ID: 8e382696e2b328f28d96be7c7f02a2cd
*** Element info: {Using=xpath, value=//a[@class='nav-link navbar-brand menu']//div[@class='bar2']}
at java.base/jdk.internal.reflect.DirectConstructorHandleAccessor.newInstance(DirectConstructorHandleAccessor.java:67)
at java.base/java.lang.reflect.Constructor.newInstanceWithCaller(Constructor.java:499)
at java.base/java.lang.reflect.Constructor.newInstance(Constructor.java:483)
at org.openqa.selenium.remote.codec.w3c.W3CHttpResponseCodec.createException(W3CHttpResponseCodec.java:191)
at org.openqa.selenium.remote.codec.w3c.W3CHttpResponseCodec.decode(W3CHttpResponseCodec.java:125)
at org.openqa.selenium.remote.codec.w3c.W3CHttpResponseCodec.decode(W3CHttpResponseCodec.java:52)
at org.openqa.selenium.remote.HttpCommandExecutor.execute(HttpCommandExecutor.java:161)
at org.openqa.selenium.remote.service.DriverCommandExecutor.execute(DriverCommandExecutor.java:83)
at org.openqa.selenium.remote.RemoteWebDriver.execute(RemoteWebDriver.java:576)
at org.openqa.selenium.remote.RemoteWebDriver.findElement(RemoteWebDriver.java:327)
at org.openqa.selenium.remote.RemoteWebDriver.findElementByXPath(RemoteWebDriver.java:445)
at org.openqa.selenium.By$ByXPath.findElement(By.java:396)
at org.openqa.selenium.remote.RemoteWebDriver.findElement(RemoteWebDriver.java:319)
at org.openqa.selenium.support.pagefactory.DefaultElementLocator.findElement(DefaultElementLocator.java:70)
at org.openqa.selenium.support.pagefactory.internal.LocatingElementHandler.invoke(LocatingElementHandler.java:39)
at jdk.proxy2/jdk.proxy2.$Proxy35.click(Unknown Source)
at pagesOfYasasiiWeb.employeeCreation.empcreation(employeeCreation.java:84)
at pagesTestCasesYasasiiWeb.EmployeeCreation.inclinic(EmployeeCreation.java:38)
at java.base/jdk.internal.reflect.DirectMethodHandleAccessor.invoke(DirectMethodHandleAccessor.java:104)
at java.base/java.lang.reflect.Method.invoke(Method.java:577)
at org.testng.internal.MethodInvocationHelper.invokeMethod(MethodInvocationHelper.java:132)
at org.testng.internal.TestInvoker.invokeMethod(TestInvoker.java:599)
at org.testng.internal.TestInvoker.invokeTestMethod(TestInvoker.java:174)
at org.testng.internal.MethodRunner.runInSequence(MethodRunner.java:46)
at org.testng.internal.TestInvoker$MethodInvocationAgent.invoke(TestInvoker.java:822)
at org.testng.internal.TestInvoker.invokeTestMethods(TestInvoker.java:147)
at org.testng.internal.TestMethodWorker.invokeTestMethods(TestMethodWorker.java:146)
at org.testng.internal.TestMethodWorker.run(TestMethodWorker.java:128)
at java.base/java.util.ArrayList.forEach(ArrayList.java:1511)
at org.testng.TestRunner.privateRun(TestRunner.java:764)
at org.testng.TestRunner.run(TestRunner.java:585)
at org.testng.SuiteRunner.runTest(SuiteRunner.java:384)
at org.testng.SuiteRunner.runSequentially(SuiteRunner.java:378)
at org.testng.SuiteRunner.privateRun(SuiteRunner.java:337)
at org.testng.SuiteRunner.run(SuiteRunner.java:286)
at org.testng.SuiteRunnerWorker.runSuite(SuiteRunnerWorker.java:53)
at org.testng.SuiteRunnerWorker.run(SuiteRunnerWorker.java:96)
at org.testng.TestNG.runSuitesSequentially(TestNG.java:1218)
at org.testng.TestNG.runSuitesLocally(TestNG.java:1140)
at org.testng.TestNG.runSuites(TestNG.java:1069)
at org.testng.TestNG.run(TestNG.java:1037)
at org.testng.remote.AbstractRemoteTestNG.run(AbstractRemoteTestNG.java:115)
at org.testng.remote.RemoteTestNG.initAndRun(RemoteTestNG.java:251)
at org.testng.remote.RemoteTestNG.main(RemoteTestNG.java:77)
]]>
    </error>
  </testcase> <!-- inclinic -->
  <system-out/>
  <testcase classname="pagesTestCasesYasasiiWeb.EmployeeCreation" name="inclinic" time="0.000">
    <skipped/>
  </testcase> <!-- inclinic -->
  <system-out/>
  <testcase classname="pagesTestCasesYasasiiWeb.EmployeeCreation" name="inclinic" time="0.000">
    <skipped/>
  </testcase> <!-- inclinic -->
  <system-out/>
  <testcase classname="pagesTestCasesYasasiiWeb.EmployeeCreation" name="inclinic" time="12.088">
    <error message="no such element: Unable to locate element: {&quot;method&quot;:&quot;xpath&quot;,&quot;selector&quot;:&quot;//a[@class=&#039;nav-link navbar-brand menu&#039;]//div[@class=&#039;bar2&#039;]&quot;}
  (Session info: chrome=107.0.5304.107)
For documentation on this error, please visit: https://www.seleniumhq.org/exceptions/no_such_element.html
Build info: version: &#039;4.0.0-alpha-3&#039;, revision: &#039;8c567de6dc&#039;
System info: host: &#039;KI54&#039;, ip: &#039;192.168.0.54&#039;, os.name: &#039;Windows 10&#039;, os.arch: &#039;amd64&#039;, os.version: &#039;10.0&#039;, java.version: &#039;18.0.1&#039;
Driver info: org.openqa.selenium.chrome.ChromeDriver
Capabilities {acceptInsecureCerts: false, browserName: chrome, browserVersion: 107.0.5304.107, chrome: {chromedriverVersion: 107.0.5304.62 (1eec40d3a576..., userDataDir: C:\Users\sriram\AppData\Loc...}, goog:chromeOptions: {debuggerAddress: localhost:51380}, javascriptEnabled: true, networkConnectionEnabled: false, pageLoadStrategy: normal, platform: WINDOWS, platformName: WINDOWS, proxy: Proxy(), setWindowRect: true, strictFileInteractability: false, timeouts: {implicit: 0, pageLoad: 300000, script: 30000}, unhandledPromptBehavior: dismiss and notify, webauthn:extension:credBlob: true, webauthn:extension:largeBlob: true, webauthn:virtualAuthenticators: true}
Session ID: 8e382696e2b328f28d96be7c7f02a2cd
*** Element info: {Using=xpath, value=//a[@class=&#039;nav-link navbar-brand menu&#039;]//div[@class=&#039;bar2&#039;]}" type="org.openqa.selenium.NoSuchElementException">
      <![CDATA[org.openqa.selenium.NoSuchElementException: no such element: Unable to locate element: {"method":"xpath","selector":"//a[@class='nav-link navbar-brand menu']//div[@class='bar2']"}
  (Session info: chrome=107.0.5304.107)
For documentation on this error, please visit: https://www.seleniumhq.org/exceptions/no_such_element.html
Build info: version: '4.0.0-alpha-3', revision: '8c567de6dc'
System info: host: 'KI54', ip: '192.168.0.54', os.name: 'Windows 10', os.arch: 'amd64', os.version: '10.0', java.version: '18.0.1'
Driver info: org.openqa.selenium.chrome.ChromeDriver
Capabilities {acceptInsecureCerts: false, browserName: chrome, browserVersion: 107.0.5304.107, chrome: {chromedriverVersion: 107.0.5304.62 (1eec40d3a576..., userDataDir: C:\Users\sriram\AppData\Loc...}, goog:chromeOptions: {debuggerAddress: localhost:51380}, javascriptEnabled: true, networkConnectionEnabled: false, pageLoadStrategy: normal, platform: WINDOWS, platformName: WINDOWS, proxy: Proxy(), setWindowRect: true, strictFileInteractability: false, timeouts: {implicit: 0, pageLoad: 300000, script: 30000}, unhandledPromptBehavior: dismiss and notify, webauthn:extension:credBlob: true, webauthn:extension:largeBlob: true, webauthn:virtualAuthenticators: true}
Session ID: 8e382696e2b328f28d96be7c7f02a2cd
*** Element info: {Using=xpath, value=//a[@class='nav-link navbar-brand menu']//div[@class='bar2']}
at java.base/jdk.internal.reflect.DirectConstructorHandleAccessor.newInstance(DirectConstructorHandleAccessor.java:67)
at java.base/java.lang.reflect.Constructor.newInstanceWithCaller(Constructor.java:499)
at java.base/java.lang.reflect.Constructor.newInstance(Constructor.java:483)
at org.openqa.selenium.remote.codec.w3c.W3CHttpResponseCodec.createException(W3CHttpResponseCodec.java:191)
at org.openqa.selenium.remote.codec.w3c.W3CHttpResponseCodec.decode(W3CHttpResponseCodec.java:125)
at org.openqa.selenium.remote.codec.w3c.W3CHttpResponseCodec.decode(W3CHttpResponseCodec.java:52)
at org.openqa.selenium.remote.HttpCommandExecutor.execute(HttpCommandExecutor.java:161)
at org.openqa.selenium.remote.service.DriverCommandExecutor.execute(DriverCommandExecutor.java:83)
at org.openqa.selenium.remote.RemoteWebDriver.execute(RemoteWebDriver.java:576)
at org.openqa.selenium.remote.RemoteWebDriver.findElement(RemoteWebDriver.java:327)
at org.openqa.selenium.remote.RemoteWebDriver.findElementByXPath(RemoteWebDriver.java:445)
at org.openqa.selenium.By$ByXPath.findElement(By.java:396)
at org.openqa.selenium.remote.RemoteWebDriver.findElement(RemoteWebDriver.java:319)
at org.openqa.selenium.support.pagefactory.DefaultElementLocator.findElement(DefaultElementLocator.java:70)
at org.openqa.selenium.support.pagefactory.internal.LocatingElementHandler.invoke(LocatingElementHandler.java:39)
at jdk.proxy2/jdk.proxy2.$Proxy35.click(Unknown Source)
at pagesOfYasasiiWeb.employeeCreation.empcreation(employeeCreation.java:84)
at pagesTestCasesYasasiiWeb.EmployeeCreation.inclinic(EmployeeCreation.java:38)
at java.base/jdk.internal.reflect.DirectMethodHandleAccessor.invoke(DirectMethodHandleAccessor.java:104)
at java.base/java.lang.reflect.Method.invoke(Method.java:577)
at org.testng.internal.MethodInvocationHelper.invokeMethod(MethodInvocationHelper.java:132)
at org.testng.internal.TestInvoker.invokeMethod(TestInvoker.java:599)
at org.testng.internal.TestInvoker.invokeTestMethod(TestInvoker.java:174)
[...]
  (Session info: chrome=107.0.5304.107)
For documentation on this error, please visit: https://www.seleniumhq.org/exceptions/no_such_element.html
Build info: version: &#039;4.0.0-alpha-3&#039;, revision: &#039;8c567de6dc&#039;
System info: host: &#039;KI54&#039;, ip: &#039;192.168.0.54&#039;, os.name: &#039;Windows 10&#039;, os.arch: &#039;amd64&#039;, os.version: &#039;10.0&#039;, java.version: &#039;18.0.1&#039;
Driver info: org.openqa.selenium.chrome.ChromeDriver
Capabilities {acceptInsecureCerts: false, browserName: chrome, browserVersion: 107.0.5304.107, chrome: {chromedriverVersion: 107.0.5304.62 (1eec40d3a576..., userDataDir: C:\Users\sriram\AppData\Loc...}, goog:chromeOptions: {debuggerAddress: localhost:51380}, javascriptEnabled: true, networkConnectionEnabled: false, pageLoadStrategy: normal, platform: WINDOWS, platformName: WINDOWS, proxy: Proxy(), setWindowRect: true, strictFileInteractability: false, timeouts: {implicit: 0, pageLoad: 300000, script: 30000}, unhandledPromptBehavior: dismiss and notify, webauthn:extension:credBlob: true, webauthn:extension:largeBlob: true, webauthn:virtualAuthenticators: true}
Session ID: 8e382696e2b328f28d96be7c7f02a2cd
*** Element info: {Using=xpath, value=//a[@class=&#039;nav-link navbar-brand menu&#039;]//div[@class=&#039;bar2&#039;]}" type="org.openqa.selenium.NoSuchElementException">
      <![CDATA[org.openqa.selenium.NoSuchElementException: no such element: Unable to locate element: {"method":"xpath","selector":"//a[@class='nav-link navbar-brand menu']//div[@class='bar2']"}
  (Session info: chrome=107.0.5304.107)
For documentation on this error, please visit: https://www.seleniumhq.org/exceptions/no_such_element.html
Build info: version: '4.0.0-alpha-3', revision: '8c567de6dc'
System info: host: 'KI54', ip: '192.168.0.54', os.name: 'Windows 10', os.arch: 'amd64', os.version: '10.0', java.version: '18.0.1'
Driver info: org.openqa.selenium.chrome.ChromeDriver
Capabilities {acceptInsecureCerts: false, browserName: chrome, browserVersion: 107.0.5304.107, chrome: {chromedriverVersion: 107.0.5304.62 (1eec40d3a576..., userDataDir: C:\Users\sriram\AppData\Loc...}, goog:chromeOptions: {debuggerAddress: localhost:51380}, javascriptEnabled: true, networkConnectionEnabled: false, pageLoadStrategy: normal, platform: WINDOWS, platformName: WINDOWS, proxy: Proxy(), setWindowRect: true, strictFileInteractability: false, timeouts: {implicit: 0, pageLoad: 300000, script: 30000}, unhandledPromptBehavior: dismiss and notify, webauthn:extension:credBlob: true, webauthn:extension:largeBlob: true, webauthn:virtualAuthenticators: true}
Session ID: 8e382696e2b328f28d96be7c7f02a2cd
*** Element info: {Using=xpath, value=//a[@class='nav-link navbar-brand menu']//div[@class='bar2']}
at java.base/jdk.internal.reflect.DirectConstructorHandleAccessor.newInstance(DirectConstructorHandleAccessor.java:67)
at java.base/java.lang.reflect.Constructor.newInstanceWithCaller(Constructor.java:499)
at java.base/java.lang.reflect.Constructor.newInstance(Constructor.java:483)
at org.openqa.selenium.remote.codec.w3c.W3CHttpResponseCodec.createException(W3CHttpResponseCodec.java:191)
at org.openqa.selenium.remote.codec.w3c.W3CHttpResponseCodec.decode(W3CHttpResponseCodec.java:125)
at org.openqa.selenium.remote.codec.w3c.W3CHttpResponseCodec.decode(W3CHttpResponseCodec.java:52)
at org.openqa.selenium.remote.HttpCommandExecutor.execute(HttpCommandExecutor.java:161)
at org.openqa.selenium.remote.service.DriverCommandExecutor.execute(DriverCommandExecutor.java:83)
at org.openqa.selenium.remote.RemoteWebDriver.execute(RemoteWebDriver.java:576)
at org.openqa.selenium.remote.RemoteWebDriver.findElement(RemoteWebDriver.java:327)
at org.openqa.selenium.remote.RemoteWebDriver.findElementByXPath(RemoteWebDriver.java:445)
at org.openqa.selenium.By$ByXPath.findElement(By.java:396)
at org.openqa.selenium.remote.RemoteWebDriver.findElement(RemoteWebDriver.java:319)
at org.openqa.selenium.support.pagefactory.DefaultElementLocator.findElement(DefaultElementLocator.java:70)
at org.openqa.selenium.support.pagefactory.internal.LocatingElementHandler.invoke(LocatingElementHandler.java:39)
at jdk.proxy2/jdk.proxy2.$Proxy35.click(Unknown Source)
at pagesOfYasasiiWeb.employeeCreation.empcreation(employeeCreation.java:84)
at pagesTestCasesYasasiiWeb.EmployeeCreation.inclinic(EmployeeCreation.java:38)
at java.base/jdk.internal.reflect.DirectMethodHandleAccessor.invoke(DirectMethodHandleAccessor.java:104)
at java.base/java.lang.reflect.Method.invoke(Method.java:577)
at org.testng.internal.MethodInvocationHelper.invokeMethod(MethodInvocationHelper.java:132)
at org.testng.internal.TestInvoker.invokeMethod(TestInvoker.java:599)
at org.testng.internal.TestInvoker.invokeTestMethod(TestInvoker.java:174)
at org.testng.internal.MethodRunner.runInSequence(MethodRunner.java:46)
at org.testng.internal.TestInvoker$MethodInvocationAgent.invoke(TestInvoker.java:822)
at org.testng.internal.TestInvoker.invokeTestMethods(TestInvoker.java:147)
at org.testng.internal.TestMethodWorker.invokeTestMethods(TestMethodWorker.java:146)
at org.testng.internal.TestMethodWorker.run(TestMethodWorker.java:128)
at java.base/java.util.ArrayList.forEach(ArrayList.java:1511)
at org.testng.TestRunner.privateRun(TestRunner.java:764)
at org.testng.TestRunner.run(TestRunner.java:585)
at org.testng.SuiteRunner.runTest(SuiteRunner.java:384)
at org.testng.SuiteRunner.runSequentially(SuiteRunner.java:378)
at org.testng.SuiteRunner.privateRun(SuiteRunner.java:337)
at org.testng.SuiteRunner.run(SuiteRunner.java:286)
at org.testng.SuiteRunnerWorker.runSuite(SuiteRunnerWorker.java:53)
at org.testng.SuiteRunnerWorker.run(SuiteRunnerWorker.java:96)
at org.testng.TestNG.runSuitesSequentially(TestNG.java:1218)
at org.testng.TestNG.runSuitesLocally(TestNG.java:1140)
at org.testng.TestNG.runSuites(TestNG.java:1069)
at org.testng.TestNG.run(TestNG.java:1037)
at org.testng.remote.AbstractRemoteTestNG.run(AbstractRemoteTestNG.java:115)
at org.testng.remote.RemoteTestNG.initAndRun(RemoteTestNG.java:251)
at org.testng.remote.RemoteTestNG.main(RemoteTestNG.java:77)
]]>
    </error>
  </testcase> <!-- inclinic -->
  <system-out/>
  <testcase classname="pagesTestCasesYasasiiWeb.EmployeeCreation" name="inclinic" time="0.000">
    <skipped/>
  </testcase> <!-- inclinic -->
  <system-out/>
  <testcase classname="pagesTestCasesYasasiiWeb.EmployeeCreation" name="inclinic" time="0.000">
    <skipped/>
  </testcase> <!-- inclinic -->
  <system-out/>
  <testcase classname="pagesTestCasesYasasiiWeb.EmployeeCreation" name="inclinic" time="0.000">
    <skipped/>
  </testcase> <!-- inclinic -->
  <system-out/>
  <testcase classname="pagesTestCasesYasasiiWeb.EmployeeCreation" name="inclinic" time="0.000">
    <skipped/>
  </testcase> <!-- inclinic -->
  <system-out/>
  <testcase classname="pagesTestCasesYasasiiWeb.EmployeeCreation" name="inclinic" time="0.000">
    <skipped/>
  </testcase> <!-- inclinic -->
  <system-out/>
  <testcase classname="pagesTestCasesYasasiiWeb.EmployeeCreation" name="inclinic" time="0.000">
    <skipped/>
  </testcase> <!-- inclinic -->
  <system-out/>
  <testcase classname="pagesTestCasesYasasiiWeb.EmployeeCreation" name="inclinic" time="0.000">
    <skipped/>
  </testcase> <!-- inclinic -->
  <system-out/>
  <testcase classname="pagesTestCasesYasasiiWeb.EmployeeCreation" name="inclinic" time="0.000">
    <skipped/>
  </testcase> <!-- inclinic -->
  <system-out/>
  <testcase classname="pagesTestCasesYasasiiWeb.EmployeeCreation" name="inclinic" time="0.000">
    <skipped/>
  </testcase> <!-- inclinic -->
  <system-out/>
  <testcase classname="pagesTestCasesYasasiiWeb.EmployeeCreation" name="inclinic" time="0.000">
    <skipped/>
  </testcase> <!-- inclinic -->
  <system-out/>
  <testcase classname="pagesTestCasesYasasiiWeb.EmployeeCreation" name="inclinic" time="0.000">
    <skipped/>
  </testcase> <!-- inclinic -->
  <system-out/>
  <testcase classname="pagesTestCasesYasasiiWeb.EmployeeCreation" name="inclinic" time="0.000">
    <skipped/>
  </testcase> <!-- inclinic -->
  <system-out/>
  <testcase classname="pagesTestCasesYasasiiWeb.EmployeeCreation" name="inclinic" time="0.000">
    <skipped/>
  </testcase> <!-- inclinic -->
  <system-out/>
  <testcase classname="pagesTestCasesYasasiiWeb.EmployeeCreation" name="inclinic" time="0.000">
    <skipped/>
  </testcase> <!-- inclinic -->
  <system-out/>
  <testcase classname="pagesTestCasesYasasiiWeb.EmployeeCreation" name="inclinic" time="0.000">
    <skipped/>
  </testcase> <!-- inclinic -->
  <system-out/>
  <testcase classname="pagesTestCasesYasasiiWeb.EmployeeCreation" name="inclinic" time="0.000">
    <skipped/>
  </testcase> <!-- inclinic -->
  <system-out/>
  <testcase classname="pagesTestCasesYasasiiWeb.EmployeeCreation" name="inclinic" time="0.000">
    <skipped/>
  </testcase> <!-- inclinic -->
  <system-out/>
  <testcase classname="pagesTestCasesYasasiiWeb.EmployeeCreation" name="inclinic" time="0.000">
    <skipped/>
  </testcase> <!-- inclinic -->
  <system-out/>
  <testcase classname="pagesTestCasesYasasiiWeb.EmployeeCreation" name="inclinic" time="0.000">
    <skipped/>
  </testcase> <!-- inclinic -->
  <system-out/>
  <testcase classname="pagesTestCasesYasasiiWeb.EmployeeCreation" name="inclinic" time="0.000">
    <skipped/>
  </testcase> <!-- inclinic -->
  <system-out/>
  <testcase classname="pagesTestCasesYasasiiWeb.EmployeeCreation" name="inclinic" time="0.000">
    <skipped/>
  </testcase> <!-- inclinic -->
  <system-out/>
  <testcase classname="pagesTestCasesYasasiiWeb.EmployeeCreation" name="inclinic" time="0.000">
    <skipped/>
  </testcase> <!-- inclinic -->
  <system-out/>
  <testcase classname="pagesTestCasesYasasiiWeb.EmployeeCreation" name="inclinic" time="0.000">
    <skipped/>
  </testcase> <!-- inclinic -->
  <system-out/>
  <testcase classname="pagesTestCasesYasasiiWeb.EmployeeCreation" name="inclinic" time="0.000">
    <skipped/>
  </testcase> <!-- inclinic -->
  <system-out/>
  <testcase classname="pagesTestCasesYasasiiWeb.EmployeeCreation" name="inclinic" time="0.000">
    <skipped/>
  </testcase> <!-- inclinic -->
  <system-out/>
  <testcase classname="pagesTestCasesYasasiiWeb.EmployeeCreation" name="inclinic" time="0.000">
    <skipped/>
  </testcase> <!-- inclinic -->
  <system-out/>
  <testcase classname="pagesTestCasesYasasiiWeb.EmployeeCreation" name="inclinic" time="0.000">
    <skipped/>
  </testcase> <!-- inclinic -->
  <system-out/>
  <testcase classname="pagesTestCasesYasasiiWeb.EmployeeCreation" name="inclinic" time="0.000">
    <skipped/>
  </testcase> <!-- inclinic -->
  <system-out/>
  <testcase classname="pagesTestCasesYasasiiWeb.EmployeeCreation" name="inclinic" time="0.000">
    <skipped/>
  </testcase> <!-- inclinic -->
  <system-out/>
  <testcase classname="pagesTestCasesYasasiiWeb.EmployeeCreation" name="inclinic" time="0.000">
    <skipped/>
  </testcase> <!-- inclinic -->
  <system-out/>
  <testcase classname="pagesTestCasesYasasiiWeb.EmployeeCreation" name="inclinic" time="0.000">
    <skipped/>
  </testcase> <!-- inclinic -->
  <system-out/>
  <testcase classname="pagesTestCasesYasasiiWeb.EmployeeCreation" name="inclinic" time="0.000">
    <skipped/>
  </testcase> <!-- inclinic -->
  <system-out/>
  <testcase classname="pagesTestCasesYasasiiWeb.EmployeeCreation" name="inclinic" time="0.000">
    <skipped/>
  </testcase> <!-- inclinic -->
  <system-out/>
  <testcase classname="pagesTestCasesYasasiiWeb.EmployeeCreation" name="inclinic" time="0.000">
    <skipped/>
  </testcase> <!-- inclinic -->
  <system-out/>
  <testcase classname="pagesTestCasesYasasiiWeb.EmployeeCreation" name="inclinic" time="0.000">
    <skipped/>
  </testcase> <!-- inclinic -->
  <system-out/>
  <testcase classname="pagesTestCasesYasasiiWeb.EmployeeCreation" name="inclinic" time="0.000">
    <skipped/>
  </testcase> <!-- inclinic -->
  <system-out/>
  <testcase classname="pagesTestCasesYasasiiWeb.EmployeeCreation" name="inclinic" time="0.000">
    <skipped/>
  </testcase> <!-- inclinic -->
  <system-out/>
  <testcase classname="pagesTestCasesYasasiiWeb.EmployeeCreation" name="inclinic" time="42.033">
    <error message="no such element: Unable to locate element: {&quot;method&quot;:&quot;xpath&quot;,&quot;selector&quot;:&quot;//li[normalize-space()=&#039;Doctor&#039;]&quot;}
  (Session info: chrome=107.0.5304.107)
For documentation on this error, please visit: https://www.seleniumhq.org/exceptions/no_such_element.html
Build info: version: &#039;4.0.0-alpha-3&#039;, revision: &#039;8c567de6dc&#039;
System info: host: &#039;KI54&#039;, ip: &#039;192.168.0.54&#039;, os.name: &#039;Windows 10&#039;, os.arch: &#039;amd64&#039;, os.version: &#039;10.0&#039;, java.version: &#039;18.0.1&#039;
Driver info: org.openqa.selenium.chrome.ChromeDriver
Capabilities {acceptInsecureCerts: false, browserName: chrome, browserVersion: 107.0.5304.107, chrome: {chromedriverVersion: 107.0.5304.62 (1eec40d3a576..., userDataDir: C:\Users\sriram\AppData\Loc...}, goog:chromeOptions: {debuggerAddress: localhost:51380}, javascriptEnabled: true, networkConnectionEnabled: false, pageLoadStrategy: normal, platform: WINDOWS, platformName: WINDOWS, proxy: Proxy(), setWindowRect: true, strictFileInteractability: false, timeouts: {implicit: 0, pageLoad: 300000, script: 30000}, unhandledPromptBehavior: dismiss and notify, webauthn:extension:credBlob: true, webauthn:extension:largeBlob: true, webauthn:virtualAuthenticators: true}
Session ID: 8e382696e2b328f28d96be7c7f02a2cd
*** Element info: {Using=xpath, value=//li[normalize-space()=&#039;Doctor&#039;]}" type="org.openqa.selenium.NoSuchElementException">
      <![CDATA[org.openqa.selenium.NoSuchElementException: no such element: Unable to locate element: {"method":"xpath","selector":"//li[normalize-space()='Doctor']"}
  (Session info: chrome=107.0.5304.107)
For documentation on this error, please visit: https://www.seleniumhq.org/exceptions/no_such_element.html
Build info: version: '4.0.0-alpha-3', revision: '8c567de6dc'
System info: host: 'KI54', ip: '192.168.0.54', os.name: 'Windows 10', os.arch: 'amd64', os.version: '10.0', java.version: '18.0.1'
Driver info: org.openqa.selenium.chrome.ChromeDriver
Capabilities {acceptInsecureCerts: false, browserName: chrome, browserVersion: 107.0.5304.107, chrome: {chromedriverVersion: 107.0.5304.62 (1eec40d3a576..., userDataDir: C:\Users\sriram\AppData\Loc...}, goog:chromeOptions: {debuggerAddress: localhost:51380}, javascriptEnabled: true, networkConnectionEnabled: false, pageLoadStrategy: normal, platform: WINDOWS, platformName: WINDOWS, proxy: Proxy(), setWindowRect: true, strictFileInteractability: false, timeouts: {implicit: 0, pageLoad: 300000, script: 30000}, unhandledPromptBehavior: dismiss and notify, webauthn:extension:credBlob: true, webauthn:extension:largeBlob: true, webauthn:virtualAuthenticators: true}
Session ID: 8e382696e2b328f28d96be7c7f02a2cd
*** Element info: {Using=xpath, value=//li[normalize-space()='Doctor']}
at java.base/jdk.internal.reflect.DirectConstructorHandleAccessor.newInstance(DirectConstructorHandleAccessor.java:67)
at java.base/java.lang.reflect.Constructor.newInstanceWithCaller(Constructor.java:499)
at java.base/java.lang.reflect.Constructor.newInstance(Constructor.java:483)
at org.openqa.selenium.remote.codec.w3c.W3CHttpResponseCodec.createException(W3CHttpResponseCodec.java:191)
at org.openqa.selenium.remote.codec.w3c.W3CHttpResponseCodec.decode(W3CHttpResponseCodec.java:125)
at org.openqa.selenium.remote.codec.w3c.W3CHttpResponseCodec.decode(W3CHttpResponseCodec.java:52)
at org.openqa.selenium.remote.HttpCommandExecutor.execute(HttpCommandExecutor.java:161)
at org.openqa.selenium.remote.service.DriverCommandExecutor.execute(DriverCommandExecutor.java:83)
at org.openqa.selenium.remote.RemoteWebDriver.execute(RemoteWebDriver.java:576)
at org.openqa.selenium.remote.RemoteWebDriver.findElement(RemoteWebDriver.java:327)
at org.openqa.selenium.remote.RemoteWebDriver.findElementByXPath(RemoteWebDriver.java:445)
at org.openqa.selenium.By$ByXPath.findElement(By.java:396)
at org.openqa.selenium.remote.RemoteWebDriver.findElement(RemoteWebDriver.java:319)
at pagesOfYasasiiWeb.employeeCreation.empcreation(employeeCreation.java:135)
at pagesTestCasesYasasiiWeb.EmployeeCreation.inclinic(EmployeeCreation.java:38)
at java.base/jdk.internal.reflect.DirectMethodHandleAccessor.invoke(DirectMethodHandleAccessor.java:104)
at java.base/java.lang.reflect.Method.invoke(Method.java:577)
at org.testng.internal.MethodInvocationHelper.invokeMethod(MethodInvocationHelper.java:132)
at org.testng.internal.TestInvoker.invokeMethod(TestInvoker.java:599)
at org.testng.internal.TestInvoker.invokeTestMethod(TestInvoker.java:174)
at org.testng.internal.MethodRunner.runInSequence(MethodRunner.java:46)
at org.testng.internal.TestInvoker$MethodInvocationAgent.invoke(TestInvoker.java:822)
at org.testng.internal.TestInvoker.invokeTestMethods(TestInvoker.java:147)
at org.testng.internal.TestMethodWorker.invokeTestMethods(TestMethodWorker.java:146)
at org.testng.internal.TestMethodWorker.run(TestMethodWorker.java:128)
at java.base/java.util.ArrayList.forEach(ArrayList.java:1511)
at org.testng.TestRunner.privateRun(TestRunner.java:764)
at org.testng.TestRunner.run(TestRunner.java:585)
at org.testng.SuiteRunner.runTest(SuiteRunner.java:384)
at org.testng.SuiteRunner.runSequentially(SuiteRunner.java:378)
at org.testng.SuiteRunner.privateRun(SuiteRunner.java:337)
at org.testng.SuiteRunner.run(SuiteRunner.java:286)
at org.testng.SuiteRunnerWorker.runSuite(SuiteRunnerWorker.java:53)
at org.testng.SuiteRunnerWorker.run(SuiteRunnerWorker.java:96)
at org.testng.TestNG.runSuitesSequentially(TestNG.java:1218)
at org.testng.TestNG.runSuitesLocally(TestNG.java:1140)
at org.testng.TestNG.runSuites(TestNG.java:1069)
at org.testng.TestNG.run(TestNG.java:1037)
at org.testng.remote.AbstractRemoteTestNG.run(AbstractRemoteTestNG.java:115)
at org.testng.remote.RemoteTestNG.initAndRun(RemoteTestNG.java:251)
at org.testng.remote.RemoteTestNG.main(RemoteTestNG.java:77)
]]>
    </error>
  </testcase> <!-- inclinic -->
  <system-out/>
  <testcase classname="pagesTestCasesYasasiiWeb.EmployeeCreation" name="inclinic" time="0.000">
    <skipped/>
  </testcase> <!-- inclinic -->
  <system-out/>
  <testcase classname="pagesTestCasesYasasiiWeb.EmployeeCreation" name="inclinic" time="0.000">
    <skipped/>
  </testcase> <!-- inclinic -->
  <system-out/>
  <testcase classname="pagesTestCasesYasasiiWeb.EmployeeCreation" name="inclinic" time="0.000">
    <skipped/>
  </testcase> <!-- inclinic -->
  <system-out/>
  <testcase classname="pagesTestCasesYasasiiWeb.EmployeeCreation" name="inclinic" time="0.000">
    <skipped/>
  </testcase> <!-- inclinic -->
  <system-out/>
  <testcase classname="pagesTestCasesYasasiiWeb.EmployeeCreation" name="inclinic" time="0.000">
    <skipped/>
  </testcase> <!-- inclinic -->
  <system-out/>
  <testcase classname="pagesTestCasesYasasiiWeb.EmployeeCreation" name="inclinic" time="0.000">
    <skipped/>
  </testcase> <!-- inclinic -->
  <system-out/>
  <testcase classname="pagesTestCasesYasasiiWeb.EmployeeCreation" name="inclinic" time="0.000">
    <skipped/>
  </testcase> <!-- inclinic -->
  <system-out/>
  <testcase classname="pagesTestCasesYasasiiWeb.EmployeeCreation" name="inclinic" time="0.000">
    <skipped/>
  </testcase> <!-- inclinic -->
  <system-out/>
  <testcase classname="pagesTestCasesYasasiiWeb.EmployeeCreation" name="inclinic" time="0.000">
    <skipped/>
  </testcase> <!-- inclinic -->
  <system-out/>
  <testcase classname="pagesTestCasesYasasiiWeb.EmployeeCreation" name="inclinic" time="0.000">
    <skipped/>
  </testcase> <!-- inclinic -->
  <system-out/>
  <testcase classname="pagesTestCasesYasasiiWeb.EmployeeCreation" name="inclinic" time="0.000">
    <skipped/>
  </testcase> <!-- inclinic -->
  <system-out/>
</testsuite> <!-- pagesTestCasesYasasiiWeb.EmployeeCreation -->
